<?xml version="1.0" encoding="utf-8"?>
<CoverageSession>
  <Summary numSequencePoints="919" visitedSequencePoints="65" numBranchPoints="919" visitedBranchPoints="65" sequenceCoverage="0,071" branchCoverage="0,071" maxCyclomaticComplexity="0" minCyclomaticComplexity="0" visitedClasses="13" numClasses="87" visitedMethods="32" numMethods="178" />
  <Modules>
    <Module hash="F219BDC4-073D-4E87-9E0C-FFEFF9F93C60">
      <ModulePath>C:\dev\Taskin\test\UnitTets\ElGuerre.Taskin.Api.Services.Tests\bin\Debug\netcoreapp2.1\ElGuerre.ApplicationBlocks.Logging.dll</ModulePath>
      <ModuleTime>2018-09-04T08:11:34</ModuleTime>
      <ModuleName>ElGuerre.ApplicationBlocks.Logging</ModuleName>
      <Files>
        <File uid="1" fullPath="C:\dev\Taskin\src\ApplicationBlocks\ElGuerre.ApplicationBlocks.Logging\Logger.cs" />
        <File uid="2" fullPath="C:\dev\Taskin\src\ApplicationBlocks\ElGuerre.ApplicationBlocks.Logging\Providers\BaseProvider.cs" />
        <File uid="3" fullPath="C:\dev\Taskin\src\ApplicationBlocks\ElGuerre.ApplicationBlocks.Logging\Providers\FileProvider.cs" />
        <File uid="4" fullPath="C:\dev\Taskin\src\ApplicationBlocks\ElGuerre.ApplicationBlocks.Logging\Providers\LogProvider.cs" />
      </Files>
      <Classes>
        <Class>
          <Summary numSequencePoints="19" visitedSequencePoints="7" numBranchPoints="0" visitedBranchPoints="0" sequenceCoverage="0,368" branchCoverage="0" maxCyclomaticComplexity="0" minCyclomaticComplexity="0" visitedClasses="1" numClasses="1" visitedMethods="2" numMethods="6" />
          <FullName>ElGuerre.ApplicationBlocks.Logging.Logger</FullName>
          <Methods>
            <Method cyclomaticComplexity="0" nPathComplexity="0" sequenceCoverage="0" branchCoverage="0" isConstructor="False" isGetter="False" isSetter="False" isStatic="True">
              <Summary numSequencePoints="3" visitedSequencePoints="0" numBranchPoints="0" visitedBranchPoints="0" sequenceCoverage="0" branchCoverage="0" maxCyclomaticComplexity="0" minCyclomaticComplexity="0" visitedClasses="0" numClasses="0" visitedMethods="0" numMethods="1" />
              <MetadataToken />
              <Name>System.Void ElGuerre.ApplicationBlocks.Logging.Logger::Debug(System.String)</Name>
              <FileRef uid="1" />
              <SequencePoints>
                <SequencePoint vc="0" upsid="15" ordinal="0" sl="15" sc="1" el="15" ec="2" bec="0" bev="0" fileid="1" />
                <SequencePoint vc="0" upsid="16" ordinal="1" sl="16" sc="1" el="16" ec="2" bec="0" bev="0" fileid="1" />
                <SequencePoint vc="0" upsid="17" ordinal="2" sl="17" sc="1" el="17" ec="2" bec="0" bev="0" fileid="1" />
              </SequencePoints>
              <BranchPoints />
              <MethodPoint vc="0" upsid="0" p8:type="SequencePoint" ordinal="0" offset="0" sc="0" sl="15" ec="1" el="17" bec="0" bev="0" fileid="1" xmlns:p8="xsi" />
            </Method>
            <Method cyclomaticComplexity="0" nPathComplexity="0" sequenceCoverage="0" branchCoverage="0" isConstructor="False" isGetter="False" isSetter="False" isStatic="True">
              <Summary numSequencePoints="3" visitedSequencePoints="0" numBranchPoints="0" visitedBranchPoints="0" sequenceCoverage="0" branchCoverage="0" maxCyclomaticComplexity="0" minCyclomaticComplexity="0" visitedClasses="0" numClasses="0" visitedMethods="0" numMethods="1" />
              <MetadataToken />
              <Name>System.Void ElGuerre.ApplicationBlocks.Logging.Logger::Error(System.String)</Name>
              <FileRef uid="1" />
              <SequencePoints>
                <SequencePoint vc="0" upsid="20" ordinal="0" sl="20" sc="1" el="20" ec="2" bec="0" bev="0" fileid="1" />
                <SequencePoint vc="0" upsid="21" ordinal="1" sl="21" sc="1" el="21" ec="2" bec="0" bev="0" fileid="1" />
                <SequencePoint vc="0" upsid="22" ordinal="2" sl="22" sc="1" el="22" ec="2" bec="0" bev="0" fileid="1" />
              </SequencePoints>
              <BranchPoints />
              <MethodPoint vc="0" upsid="0" p8:type="SequencePoint" ordinal="1" offset="1" sc="0" sl="20" ec="1" el="22" bec="0" bev="0" fileid="1" xmlns:p8="xsi" />
            </Method>
            <Method cyclomaticComplexity="0" nPathComplexity="0" sequenceCoverage="0" branchCoverage="0" isConstructor="False" isGetter="False" isSetter="False" isStatic="True">
              <Summary numSequencePoints="3" visitedSequencePoints="0" numBranchPoints="0" visitedBranchPoints="0" sequenceCoverage="0" branchCoverage="0" maxCyclomaticComplexity="0" minCyclomaticComplexity="0" visitedClasses="0" numClasses="0" visitedMethods="0" numMethods="1" />
              <MetadataToken />
              <Name>System.Void ElGuerre.ApplicationBlocks.Logging.Logger::Info(System.String)</Name>
              <FileRef uid="1" />
              <SequencePoints>
                <SequencePoint vc="0" upsid="25" ordinal="0" sl="25" sc="1" el="25" ec="2" bec="0" bev="0" fileid="1" />
                <SequencePoint vc="0" upsid="26" ordinal="1" sl="26" sc="1" el="26" ec="2" bec="0" bev="0" fileid="1" />
                <SequencePoint vc="0" upsid="27" ordinal="2" sl="27" sc="1" el="27" ec="2" bec="0" bev="0" fileid="1" />
              </SequencePoints>
              <BranchPoints />
              <MethodPoint vc="0" upsid="0" p8:type="SequencePoint" ordinal="2" offset="2" sc="0" sl="25" ec="1" el="27" bec="0" bev="0" fileid="1" xmlns:p8="xsi" />
            </Method>
            <Method cyclomaticComplexity="0" nPathComplexity="0" sequenceCoverage="0" branchCoverage="0" isConstructor="False" isGetter="False" isSetter="False" isStatic="True">
              <Summary numSequencePoints="3" visitedSequencePoints="0" numBranchPoints="0" visitedBranchPoints="0" sequenceCoverage="0" branchCoverage="0" maxCyclomaticComplexity="0" minCyclomaticComplexity="0" visitedClasses="0" numClasses="0" visitedMethods="0" numMethods="1" />
              <MetadataToken />
              <Name>System.Void ElGuerre.ApplicationBlocks.Logging.Logger::Warning(System.String)</Name>
              <FileRef uid="1" />
              <SequencePoints>
                <SequencePoint vc="0" upsid="30" ordinal="0" sl="30" sc="1" el="30" ec="2" bec="0" bev="0" fileid="1" />
                <SequencePoint vc="0" upsid="31" ordinal="1" sl="31" sc="1" el="31" ec="2" bec="0" bev="0" fileid="1" />
                <SequencePoint vc="0" upsid="32" ordinal="2" sl="32" sc="1" el="32" ec="2" bec="0" bev="0" fileid="1" />
              </SequencePoints>
              <BranchPoints />
              <MethodPoint vc="0" upsid="0" p8:type="SequencePoint" ordinal="3" offset="3" sc="0" sl="30" ec="1" el="32" bec="0" bev="0" fileid="1" xmlns:p8="xsi" />
            </Method>
            <Method cyclomaticComplexity="0" nPathComplexity="0" sequenceCoverage="1" branchCoverage="0" isConstructor="False" isGetter="False" isSetter="False" isStatic="True">
              <Summary numSequencePoints="3" visitedSequencePoints="3" numBranchPoints="0" visitedBranchPoints="0" sequenceCoverage="1" branchCoverage="0" maxCyclomaticComplexity="0" minCyclomaticComplexity="0" visitedClasses="0" numClasses="0" visitedMethods="1" numMethods="1" />
              <MetadataToken />
              <Name>System.Void ElGuerre.ApplicationBlocks.Logging.Logger::Trace(System.String)</Name>
              <FileRef uid="1" />
              <SequencePoints>
                <SequencePoint vc="1" upsid="35" ordinal="0" sl="35" sc="1" el="35" ec="2" bec="0" bev="0" fileid="1" />
                <SequencePoint vc="1" upsid="36" ordinal="1" sl="36" sc="1" el="36" ec="2" bec="0" bev="0" fileid="1" />
                <SequencePoint vc="1" upsid="37" ordinal="2" sl="37" sc="1" el="37" ec="2" bec="0" bev="0" fileid="1" />
              </SequencePoints>
              <BranchPoints />
              <MethodPoint vc="3" upsid="0" p8:type="SequencePoint" ordinal="4" offset="4" sc="0" sl="35" ec="1" el="37" bec="0" bev="0" fileid="1" xmlns:p8="xsi" />
            </Method>
            <Method cyclomaticComplexity="0" nPathComplexity="0" sequenceCoverage="1" branchCoverage="0" isConstructor="True" isGetter="False" isSetter="False" isStatic="True">
              <Summary numSequencePoints="4" visitedSequencePoints="4" numBranchPoints="0" visitedBranchPoints="0" sequenceCoverage="1" branchCoverage="0" maxCyclomaticComplexity="0" minCyclomaticComplexity="0" visitedClasses="0" numClasses="0" visitedMethods="1" numMethods="1" />
              <MetadataToken />
              <Name>System.Void ElGuerre.ApplicationBlocks.Logging.Logger::.ctor(ElGuerre.ApplicationBlocks.Logging.Providers.ILogProvider)</Name>
              <FileRef uid="1" />
              <SequencePoints>
                <SequencePoint vc="1" upsid="9" ordinal="0" sl="9" sc="1" el="9" ec="2" bec="0" bev="0" fileid="1" />
                <SequencePoint vc="1" upsid="10" ordinal="1" sl="10" sc="1" el="10" ec="2" bec="0" bev="0" fileid="1" />
                <SequencePoint vc="1" upsid="11" ordinal="2" sl="11" sc="1" el="11" ec="2" bec="0" bev="0" fileid="1" />
                <SequencePoint vc="1" upsid="12" ordinal="3" sl="12" sc="1" el="12" ec="2" bec="0" bev="0" fileid="1" />
              </SequencePoints>
              <BranchPoints />
              <MethodPoint vc="4" upsid="0" p8:type="SequencePoint" ordinal="5" offset="5" sc="0" sl="9" ec="1" el="12" bec="0" bev="0" fileid="1" xmlns:p8="xsi" />
            </Method>
          </Methods>
        </Class>
        <Class>
          <Summary numSequencePoints="34" visitedSequencePoints="0" numBranchPoints="12" visitedBranchPoints="0" sequenceCoverage="0" branchCoverage="0" maxCyclomaticComplexity="0" minCyclomaticComplexity="0" visitedClasses="0" numClasses="1" visitedMethods="0" numMethods="8" />
          <FullName>ElGuerre.ApplicationBlocks.Logging.Providers.BaseProvider</FullName>
          <Methods>
            <Method cyclomaticComplexity="0" nPathComplexity="0" sequenceCoverage="0" branchCoverage="0" isConstructor="False" isGetter="True" isSetter="False" isStatic="True">
              <Summary numSequencePoints="1" visitedSequencePoints="0" numBranchPoints="0" visitedBranchPoints="0" sequenceCoverage="0" branchCoverage="0" maxCyclomaticComplexity="0" minCyclomaticComplexity="0" visitedClasses="0" numClasses="0" visitedMethods="0" numMethods="1" />
              <MetadataToken />
              <Name>Serilog.LoggerConfiguration ElGuerre.ApplicationBlocks.Logging.Providers.BaseProvider::get_Config()</Name>
              <FileRef uid="2" />
              <SequencePoints>
                <SequencePoint vc="0" upsid="23" ordinal="0" sl="23" sc="1" el="23" ec="2" bec="0" bev="0" fileid="2" />
              </SequencePoints>
              <BranchPoints />
              <MethodPoint vc="0" upsid="0" p8:type="SequencePoint" ordinal="0" offset="0" sc="0" sl="23" ec="1" el="23" bec="0" bev="0" fileid="2" xmlns:p8="xsi" />
            </Method>
            <Method cyclomaticComplexity="0" nPathComplexity="0" sequenceCoverage="0" branchCoverage="0" isConstructor="False" isGetter="True" isSetter="False" isStatic="True">
              <Summary numSequencePoints="5" visitedSequencePoints="0" numBranchPoints="2" visitedBranchPoints="0" sequenceCoverage="0" branchCoverage="0" maxCyclomaticComplexity="0" minCyclomaticComplexity="0" visitedClasses="0" numClasses="0" visitedMethods="0" numMethods="1" />
              <MetadataToken />
              <Name>Serilog.ILogger ElGuerre.ApplicationBlocks.Logging.Providers.BaseProvider::get_Logger()</Name>
              <FileRef uid="2" />
              <SequencePoints>
                <SequencePoint vc="0" upsid="29" ordinal="0" sl="29" sc="1" el="29" ec="2" bec="0" bev="0" fileid="2" />
                <SequencePoint vc="0" upsid="30" ordinal="1" sl="30" sc="1" el="30" ec="2" bec="0" bev="0" fileid="2" />
                <SequencePoint vc="0" upsid="31" ordinal="2" sl="31" sc="1" el="31" ec="2" bec="0" bev="0" fileid="2" />
                <SequencePoint vc="0" upsid="32" ordinal="3" sl="32" sc="1" el="32" ec="2" bec="0" bev="0" fileid="2" />
                <SequencePoint vc="0" upsid="33" ordinal="4" sl="33" sc="1" el="33" ec="2" bec="0" bev="0" fileid="2" />
              </SequencePoints>
              <BranchPoints>
                <BranchPoint vc="0" upsid="30" ordinal="0" path="0" offset="12" offsetend="14" sl="30" fileid="2" />
                <BranchPoint vc="0" upsid="30" ordinal="1" path="1" offset="12" offsetend="31" sl="30" fileid="2" />
              </BranchPoints>
              <MethodPoint vc="0" upsid="0" p8:type="SequencePoint" ordinal="1" offset="1" sc="0" sl="29" ec="1" el="33" bec="0" bev="0" fileid="2" xmlns:p8="xsi" />
            </Method>
            <Method cyclomaticComplexity="0" nPathComplexity="0" sequenceCoverage="0" branchCoverage="0" isConstructor="False" isGetter="False" isSetter="False" isStatic="True">
              <Summary numSequencePoints="4" visitedSequencePoints="0" numBranchPoints="2" visitedBranchPoints="0" sequenceCoverage="0" branchCoverage="0" maxCyclomaticComplexity="0" minCyclomaticComplexity="0" visitedClasses="0" numClasses="0" visitedMethods="0" numMethods="1" />
              <MetadataToken />
              <Name>System.Void ElGuerre.ApplicationBlocks.Logging.Providers.BaseProvider::Debug(System.String)</Name>
              <FileRef uid="2" />
              <SequencePoints>
                <SequencePoint vc="0" upsid="37" ordinal="0" sl="37" sc="1" el="37" ec="2" bec="0" bev="0" fileid="2" />
                <SequencePoint vc="0" upsid="38" ordinal="1" sl="38" sc="1" el="38" ec="2" bec="0" bev="0" fileid="2" />
                <SequencePoint vc="0" upsid="39" ordinal="2" sl="39" sc="1" el="39" ec="2" bec="0" bev="0" fileid="2" />
                <SequencePoint vc="0" upsid="40" ordinal="3" sl="40" sc="1" el="40" ec="2" bec="0" bev="0" fileid="2" />
              </SequencePoints>
              <BranchPoints>
                <BranchPoint vc="0" upsid="38" ordinal="0" path="0" offset="15" offsetend="17" sl="38" fileid="2" />
                <BranchPoint vc="0" upsid="38" ordinal="1" path="1" offset="15" offsetend="30" sl="38" fileid="2" />
              </BranchPoints>
              <MethodPoint vc="0" upsid="0" p8:type="SequencePoint" ordinal="2" offset="2" sc="0" sl="37" ec="1" el="40" bec="0" bev="0" fileid="2" xmlns:p8="xsi" />
            </Method>
            <Method cyclomaticComplexity="0" nPathComplexity="0" sequenceCoverage="0" branchCoverage="0" isConstructor="False" isGetter="False" isSetter="False" isStatic="True">
              <Summary numSequencePoints="4" visitedSequencePoints="0" numBranchPoints="2" visitedBranchPoints="0" sequenceCoverage="0" branchCoverage="0" maxCyclomaticComplexity="0" minCyclomaticComplexity="0" visitedClasses="0" numClasses="0" visitedMethods="0" numMethods="1" />
              <MetadataToken />
              <Name>System.Void ElGuerre.ApplicationBlocks.Logging.Providers.BaseProvider::Error(System.String)</Name>
              <FileRef uid="2" />
              <SequencePoints>
                <SequencePoint vc="0" upsid="43" ordinal="0" sl="43" sc="1" el="43" ec="2" bec="0" bev="0" fileid="2" />
                <SequencePoint vc="0" upsid="44" ordinal="1" sl="44" sc="1" el="44" ec="2" bec="0" bev="0" fileid="2" />
                <SequencePoint vc="0" upsid="45" ordinal="2" sl="45" sc="1" el="45" ec="2" bec="0" bev="0" fileid="2" />
                <SequencePoint vc="0" upsid="46" ordinal="3" sl="46" sc="1" el="46" ec="2" bec="0" bev="0" fileid="2" />
              </SequencePoints>
              <BranchPoints>
                <BranchPoint vc="0" upsid="44" ordinal="0" path="0" offset="15" offsetend="17" sl="44" fileid="2" />
                <BranchPoint vc="0" upsid="44" ordinal="1" path="1" offset="15" offsetend="30" sl="44" fileid="2" />
              </BranchPoints>
              <MethodPoint vc="0" upsid="0" p8:type="SequencePoint" ordinal="3" offset="3" sc="0" sl="43" ec="1" el="46" bec="0" bev="0" fileid="2" xmlns:p8="xsi" />
            </Method>
            <Method cyclomaticComplexity="0" nPathComplexity="0" sequenceCoverage="0" branchCoverage="0" isConstructor="False" isGetter="False" isSetter="False" isStatic="True">
              <Summary numSequencePoints="4" visitedSequencePoints="0" numBranchPoints="2" visitedBranchPoints="0" sequenceCoverage="0" branchCoverage="0" maxCyclomaticComplexity="0" minCyclomaticComplexity="0" visitedClasses="0" numClasses="0" visitedMethods="0" numMethods="1" />
              <MetadataToken />
              <Name>System.Void ElGuerre.ApplicationBlocks.Logging.Providers.BaseProvider::Info(System.String)</Name>
              <FileRef uid="2" />
              <SequencePoints>
                <SequencePoint vc="0" upsid="49" ordinal="0" sl="49" sc="1" el="49" ec="2" bec="0" bev="0" fileid="2" />
                <SequencePoint vc="0" upsid="50" ordinal="1" sl="50" sc="1" el="50" ec="2" bec="0" bev="0" fileid="2" />
                <SequencePoint vc="0" upsid="51" ordinal="2" sl="51" sc="1" el="51" ec="2" bec="0" bev="0" fileid="2" />
                <SequencePoint vc="0" upsid="52" ordinal="3" sl="52" sc="1" el="52" ec="2" bec="0" bev="0" fileid="2" />
              </SequencePoints>
              <BranchPoints>
                <BranchPoint vc="0" upsid="50" ordinal="0" path="0" offset="15" offsetend="17" sl="50" fileid="2" />
                <BranchPoint vc="0" upsid="50" ordinal="1" path="1" offset="15" offsetend="30" sl="50" fileid="2" />
              </BranchPoints>
              <MethodPoint vc="0" upsid="0" p8:type="SequencePoint" ordinal="4" offset="4" sc="0" sl="49" ec="1" el="52" bec="0" bev="0" fileid="2" xmlns:p8="xsi" />
            </Method>
            <Method cyclomaticComplexity="0" nPathComplexity="0" sequenceCoverage="0" branchCoverage="0" isConstructor="False" isGetter="False" isSetter="False" isStatic="True">
              <Summary numSequencePoints="4" visitedSequencePoints="0" numBranchPoints="2" visitedBranchPoints="0" sequenceCoverage="0" branchCoverage="0" maxCyclomaticComplexity="0" minCyclomaticComplexity="0" visitedClasses="0" numClasses="0" visitedMethods="0" numMethods="1" />
              <MetadataToken />
              <Name>System.Void ElGuerre.ApplicationBlocks.Logging.Providers.BaseProvider::Warning(System.String)</Name>
              <FileRef uid="2" />
              <SequencePoints>
                <SequencePoint vc="0" upsid="55" ordinal="0" sl="55" sc="1" el="55" ec="2" bec="0" bev="0" fileid="2" />
                <SequencePoint vc="0" upsid="56" ordinal="1" sl="56" sc="1" el="56" ec="2" bec="0" bev="0" fileid="2" />
                <SequencePoint vc="0" upsid="57" ordinal="2" sl="57" sc="1" el="57" ec="2" bec="0" bev="0" fileid="2" />
                <SequencePoint vc="0" upsid="58" ordinal="3" sl="58" sc="1" el="58" ec="2" bec="0" bev="0" fileid="2" />
              </SequencePoints>
              <BranchPoints>
                <BranchPoint vc="0" upsid="56" ordinal="0" path="0" offset="15" offsetend="17" sl="56" fileid="2" />
                <BranchPoint vc="0" upsid="56" ordinal="1" path="1" offset="15" offsetend="30" sl="56" fileid="2" />
              </BranchPoints>
              <MethodPoint vc="0" upsid="0" p8:type="SequencePoint" ordinal="5" offset="5" sc="0" sl="55" ec="1" el="58" bec="0" bev="0" fileid="2" xmlns:p8="xsi" />
            </Method>
            <Method cyclomaticComplexity="0" nPathComplexity="0" sequenceCoverage="0" branchCoverage="0" isConstructor="False" isGetter="False" isSetter="False" isStatic="True">
              <Summary numSequencePoints="4" visitedSequencePoints="0" numBranchPoints="2" visitedBranchPoints="0" sequenceCoverage="0" branchCoverage="0" maxCyclomaticComplexity="0" minCyclomaticComplexity="0" visitedClasses="0" numClasses="0" visitedMethods="0" numMethods="1" />
              <MetadataToken />
              <Name>System.Void ElGuerre.ApplicationBlocks.Logging.Providers.BaseProvider::Trace(System.String)</Name>
              <FileRef uid="2" />
              <SequencePoints>
                <SequencePoint vc="0" upsid="61" ordinal="0" sl="61" sc="1" el="61" ec="2" bec="0" bev="0" fileid="2" />
                <SequencePoint vc="0" upsid="62" ordinal="1" sl="62" sc="1" el="62" ec="2" bec="0" bev="0" fileid="2" />
                <SequencePoint vc="0" upsid="63" ordinal="2" sl="63" sc="1" el="63" ec="2" bec="0" bev="0" fileid="2" />
                <SequencePoint vc="0" upsid="64" ordinal="3" sl="64" sc="1" el="64" ec="2" bec="0" bev="0" fileid="2" />
              </SequencePoints>
              <BranchPoints>
                <BranchPoint vc="0" upsid="62" ordinal="0" path="0" offset="15" offsetend="17" sl="62" fileid="2" />
                <BranchPoint vc="0" upsid="62" ordinal="1" path="1" offset="15" offsetend="30" sl="62" fileid="2" />
              </BranchPoints>
              <MethodPoint vc="0" upsid="0" p8:type="SequencePoint" ordinal="6" offset="6" sc="0" sl="61" ec="1" el="64" bec="0" bev="0" fileid="2" xmlns:p8="xsi" />
            </Method>
            <Method cyclomaticComplexity="0" nPathComplexity="0" sequenceCoverage="0" branchCoverage="0" isConstructor="True" isGetter="False" isSetter="False" isStatic="True">
              <Summary numSequencePoints="8" visitedSequencePoints="0" numBranchPoints="0" visitedBranchPoints="0" sequenceCoverage="0" branchCoverage="0" maxCyclomaticComplexity="0" minCyclomaticComplexity="0" visitedClasses="0" numClasses="0" visitedMethods="0" numMethods="1" />
              <MetadataToken />
              <Name>System.Void ElGuerre.ApplicationBlocks.Logging.Providers.BaseProvider::.ctor()</Name>
              <FileRef uid="2" />
              <SequencePoints>
                <SequencePoint vc="0" upsid="11" ordinal="0" sl="11" sc="1" el="11" ec="2" bec="0" bev="0" fileid="2" />
                <SequencePoint vc="0" upsid="12" ordinal="1" sl="12" sc="1" el="12" ec="2" bec="0" bev="0" fileid="2" />
                <SequencePoint vc="0" upsid="13" ordinal="2" sl="13" sc="1" el="13" ec="2" bec="0" bev="0" fileid="2" />
                <SequencePoint vc="0" upsid="14" ordinal="3" sl="14" sc="1" el="14" ec="2" bec="0" bev="0" fileid="2" />
                <SequencePoint vc="0" upsid="15" ordinal="4" sl="15" sc="1" el="15" ec="2" bec="0" bev="0" fileid="2" />
                <SequencePoint vc="0" upsid="16" ordinal="5" sl="16" sc="1" el="16" ec="2" bec="0" bev="0" fileid="2" />
                <SequencePoint vc="0" upsid="18" ordinal="6" sl="18" sc="1" el="18" ec="2" bec="0" bev="0" fileid="2" />
                <SequencePoint vc="0" upsid="19" ordinal="7" sl="19" sc="1" el="19" ec="2" bec="0" bev="0" fileid="2" />
              </SequencePoints>
              <BranchPoints />
              <MethodPoint vc="0" upsid="0" p8:type="SequencePoint" ordinal="7" offset="7" sc="0" sl="11" ec="1" el="19" bec="0" bev="0" fileid="2" xmlns:p8="xsi" />
            </Method>
          </Methods>
        </Class>
        <Class>
          <Summary numSequencePoints="15" visitedSequencePoints="0" numBranchPoints="4" visitedBranchPoints="0" sequenceCoverage="0" branchCoverage="0" maxCyclomaticComplexity="0" minCyclomaticComplexity="0" visitedClasses="0" numClasses="1" visitedMethods="0" numMethods="2" />
          <FullName>ElGuerre.ApplicationBlocks.Logging.Providers.FileProvider</FullName>
          <Methods>
            <Method cyclomaticComplexity="0" nPathComplexity="0" sequenceCoverage="0" branchCoverage="0" isConstructor="False" isGetter="True" isSetter="False" isStatic="True">
              <Summary numSequencePoints="7" visitedSequencePoints="0" numBranchPoints="0" visitedBranchPoints="0" sequenceCoverage="0" branchCoverage="0" maxCyclomaticComplexity="0" minCyclomaticComplexity="0" visitedClasses="0" numClasses="0" visitedMethods="0" numMethods="1" />
              <MetadataToken />
              <Name>Serilog.LoggerConfiguration ElGuerre.ApplicationBlocks.Logging.Providers.FileProvider::get_Config()</Name>
              <FileRef uid="3" />
              <SequencePoints>
                <SequencePoint vc="0" upsid="24" ordinal="0" sl="24" sc="1" el="24" ec="2" bec="0" bev="0" fileid="3" />
                <SequencePoint vc="0" upsid="25" ordinal="1" sl="25" sc="1" el="25" ec="2" bec="0" bev="0" fileid="3" />
                <SequencePoint vc="0" upsid="26" ordinal="2" sl="26" sc="1" el="26" ec="2" bec="0" bev="0" fileid="3" />
                <SequencePoint vc="0" upsid="27" ordinal="3" sl="27" sc="1" el="27" ec="2" bec="0" bev="0" fileid="3" />
                <SequencePoint vc="0" upsid="28" ordinal="4" sl="28" sc="1" el="28" ec="2" bec="0" bev="0" fileid="3" />
                <SequencePoint vc="0" upsid="29" ordinal="5" sl="29" sc="1" el="29" ec="2" bec="0" bev="0" fileid="3" />
                <SequencePoint vc="0" upsid="30" ordinal="6" sl="30" sc="1" el="30" ec="2" bec="0" bev="0" fileid="3" />
              </SequencePoints>
              <BranchPoints />
              <MethodPoint vc="0" upsid="0" p8:type="SequencePoint" ordinal="0" offset="0" sc="0" sl="24" ec="1" el="30" bec="0" bev="0" fileid="3" xmlns:p8="xsi" />
            </Method>
            <Method cyclomaticComplexity="0" nPathComplexity="0" sequenceCoverage="0" branchCoverage="0" isConstructor="True" isGetter="False" isSetter="False" isStatic="True">
              <Summary numSequencePoints="8" visitedSequencePoints="0" numBranchPoints="4" visitedBranchPoints="0" sequenceCoverage="0" branchCoverage="0" maxCyclomaticComplexity="0" minCyclomaticComplexity="0" visitedClasses="0" numClasses="0" visitedMethods="0" numMethods="1" />
              <MetadataToken />
              <Name>System.Void ElGuerre.ApplicationBlocks.Logging.Providers.FileProvider::.ctor(System.String)</Name>
              <FileRef uid="3" />
              <SequencePoints>
                <SequencePoint vc="0" upsid="11" ordinal="0" sl="11" sc="1" el="11" ec="2" bec="0" bev="0" fileid="3" />
                <SequencePoint vc="0" upsid="12" ordinal="1" sl="12" sc="1" el="12" ec="2" bec="0" bev="0" fileid="3" />
                <SequencePoint vc="0" upsid="13" ordinal="2" sl="13" sc="1" el="13" ec="2" bec="0" bev="0" fileid="3" />
                <SequencePoint vc="0" upsid="14" ordinal="3" sl="14" sc="1" el="14" ec="2" bec="0" bev="0" fileid="3" />
                <SequencePoint vc="0" upsid="16" ordinal="4" sl="16" sc="1" el="16" ec="2" bec="0" bev="0" fileid="3" />
                <SequencePoint vc="0" upsid="17" ordinal="5" sl="17" sc="1" el="17" ec="2" bec="0" bev="0" fileid="3" />
                <SequencePoint vc="0" upsid="18" ordinal="6" sl="18" sc="1" el="18" ec="2" bec="0" bev="0" fileid="3" />
                <SequencePoint vc="0" upsid="19" ordinal="7" sl="19" sc="1" el="19" ec="2" bec="0" bev="0" fileid="3" />
              </SequencePoints>
              <BranchPoints>
                <BranchPoint vc="0" upsid="13" ordinal="0" path="0" offset="16" offsetend="18" sl="13" fileid="3" />
                <BranchPoint vc="0" upsid="13" ordinal="1" path="1" offset="16" offsetend="31" sl="13" fileid="3" />
                <BranchPoint vc="0" upsid="17" ordinal="2" path="0" offset="39" offsetend="41" sl="17" fileid="3" />
                <BranchPoint vc="0" upsid="17" ordinal="3" path="1" offset="39" offsetend="44" sl="17" fileid="3" />
              </BranchPoints>
              <MethodPoint vc="0" upsid="0" p8:type="SequencePoint" ordinal="1" offset="1" sc="0" sl="11" ec="1" el="19" bec="0" bev="0" fileid="3" xmlns:p8="xsi" />
            </Method>
          </Methods>
        </Class>
        <Class>
          <Summary numSequencePoints="5" visitedSequencePoints="0" numBranchPoints="0" visitedBranchPoints="0" sequenceCoverage="0" branchCoverage="0" maxCyclomaticComplexity="0" minCyclomaticComplexity="0" visitedClasses="0" numClasses="1" visitedMethods="0" numMethods="2" />
          <FullName>ElGuerre.ApplicationBlocks.Logging.Providers.LogProvider</FullName>
          <Methods>
            <Method cyclomaticComplexity="0" nPathComplexity="0" sequenceCoverage="0" branchCoverage="0" isConstructor="False" isGetter="True" isSetter="False" isStatic="True">
              <Summary numSequencePoints="1" visitedSequencePoints="0" numBranchPoints="0" visitedBranchPoints="0" sequenceCoverage="0" branchCoverage="0" maxCyclomaticComplexity="0" minCyclomaticComplexity="0" visitedClasses="0" numClasses="0" visitedMethods="0" numMethods="1" />
              <MetadataToken />
              <Name>Serilog.LoggerConfiguration ElGuerre.ApplicationBlocks.Logging.Providers.LogProvider::get_Config()</Name>
              <FileRef uid="4" />
              <SequencePoints>
                <SequencePoint vc="0" upsid="14" ordinal="0" sl="14" sc="1" el="14" ec="2" bec="0" bev="0" fileid="4" />
              </SequencePoints>
              <BranchPoints />
              <MethodPoint vc="0" upsid="0" p8:type="SequencePoint" ordinal="0" offset="0" sc="0" sl="14" ec="1" el="14" bec="0" bev="0" fileid="4" xmlns:p8="xsi" />
            </Method>
            <Method cyclomaticComplexity="0" nPathComplexity="0" sequenceCoverage="0" branchCoverage="0" isConstructor="True" isGetter="False" isSetter="False" isStatic="True">
              <Summary numSequencePoints="4" visitedSequencePoints="0" numBranchPoints="0" visitedBranchPoints="0" sequenceCoverage="0" branchCoverage="0" maxCyclomaticComplexity="0" minCyclomaticComplexity="0" visitedClasses="0" numClasses="0" visitedMethods="0" numMethods="1" />
              <MetadataToken />
              <Name>System.Void ElGuerre.ApplicationBlocks.Logging.Providers.LogProvider::.ctor(Microsoft.Extensions.Configuration.IConfiguration)</Name>
              <FileRef uid="4" />
              <SequencePoints>
                <SequencePoint vc="0" upsid="10" ordinal="0" sl="10" sc="1" el="10" ec="2" bec="0" bev="0" fileid="4" />
                <SequencePoint vc="0" upsid="11" ordinal="1" sl="11" sc="1" el="11" ec="2" bec="0" bev="0" fileid="4" />
                <SequencePoint vc="0" upsid="12" ordinal="2" sl="12" sc="1" el="12" ec="2" bec="0" bev="0" fileid="4" />
                <SequencePoint vc="0" upsid="13" ordinal="3" sl="13" sc="1" el="13" ec="2" bec="0" bev="0" fileid="4" />
              </SequencePoints>
              <BranchPoints />
              <MethodPoint vc="0" upsid="0" p8:type="SequencePoint" ordinal="1" offset="1" sc="0" sl="10" ec="1" el="13" bec="0" bev="0" fileid="4" xmlns:p8="xsi" />
            </Method>
          </Methods>
        </Class>
      </Classes>
    </Module>
    <Module hash="8C47AD19-2E78-400A-8301-8618EF4452AD">
      <ModulePath>C:\dev\Taskin\test\UnitTets\ElGuerre.Taskin.Api.Services.Tests\bin\Debug\netcoreapp2.1\ElGuerre.Taskin.Api.dll</ModulePath>
      <ModuleTime>2018-09-04T08:11:34</ModuleTime>
      <ModuleName>ElGuerre.Taskin.Api</ModuleName>
      <Files>
        <File uid="5" fullPath="C:\dev\Taskin\src\ElGuerre.Taskin.Api\Controllers\ProjectsController.cs" />
        <File uid="6" fullPath="C:\dev\Taskin\src\ElGuerre.Taskin.Api\Controllers\TasksController.cs" />
        <File uid="7" fullPath="C:\dev\Taskin\src\ElGuerre.Taskin.Api\Auth\Server\AuthorizationHeaderParameterOperationFilter.cs" />
        <File uid="8" fullPath="C:\dev\Taskin\src\ElGuerre.Taskin.Api\Auth\Server\IdentitySecurityScheme.cs" />
        <File uid="9" fullPath="C:\dev\Taskin\src\ElGuerre.Taskin.Api\AppSettings.cs" />
        <File uid="10" fullPath="C:\dev\Taskin\src\ElGuerre.Taskin.Api\Core\ApiResponse.cs" />
        <File uid="11" fullPath="C:\dev\Taskin\src\ElGuerre.Taskin.Api\Core\Exceptions\BaseException.cs" />
        <File uid="12" fullPath="C:\dev\Taskin\src\ElGuerre.Taskin.Api\Core\Exceptions\DataException.cs" />
        <File uid="13" fullPath="C:\dev\Taskin\src\ElGuerre.Taskin.Api\Core\Exceptions\ServiceException.cs" />
        <File uid="14" fullPath="C:\dev\Taskin\src\ElGuerre.Taskin.Api\Program.cs" />
        <File uid="15" fullPath="C:\dev\Taskin\src\ElGuerre.Taskin.Api\Startup.cs" />
        <File uid="16" fullPath="C:\dev\Taskin\src\ElGuerre.Taskin.Api\Services\BaseService.cs" />
        <File uid="17" fullPath="C:\dev\Taskin\src\ElGuerre.Taskin.Api\Services\ProjectService.cs" />
        <File uid="18" fullPath="C:\dev\Taskin\src\ElGuerre.Taskin.Api\Services\TaskService.cs" />
        <File uid="19" fullPath="C:\dev\Taskin\src\ElGuerre.Taskin.Api\Models\MappingConfig.cs" />
        <File uid="20" fullPath="C:\dev\Taskin\src\ElGuerre.Taskin.Api\Extensions\AutoMapperExtensions.cs" />
        <File uid="21" fullPath="C:\dev\Taskin\src\ElGuerre.Taskin.Api\Data\DataContext.cs" />
        <File uid="22" fullPath="C:\dev\Taskin\src\ElGuerre.Taskin.Api\Data\Extensions\EntityFrameworkExtensions.cs" />
        <File uid="23" fullPath="C:\dev\Taskin\src\ElGuerre.Taskin.Api\Data\UnitOfWork.cs" />
        <File uid="24" fullPath="C:\dev\Taskin\src\ElGuerre.Taskin.Api\Data\Repository\BaseRepository.cs" />
        <File uid="25" fullPath="C:\dev\Taskin\src\ElGuerre.Taskin.Api\Data\Repository\ProjectRepository.cs" />
        <File uid="26" fullPath="C:\dev\Taskin\src\ElGuerre.Taskin.Api\Data\Repository\TaskRepository.cs" />
        <File uid="27" fullPath="C:\dev\Taskin\src\ElGuerre.Taskin.Api\Data\Entity\BaseEntity.cs" />
        <File uid="28" fullPath="C:\dev\Taskin\src\ElGuerre.Taskin.Api\Data\Entity\ProjectEntity.cs" />
        <File uid="29" fullPath="C:\dev\Taskin\src\ElGuerre.Taskin.Api\Data\Entity\ProjectTypeEntity.cs" />
        <File uid="30" fullPath="C:\dev\Taskin\src\ElGuerre.Taskin.Api\Data\Entity\TaskEntity.cs" />
        <File uid="31" fullPath="C:\dev\Taskin\src\ElGuerre.Taskin.Api\Data\Entity\TaskTypeEntity.cs" />
        <File uid="32" fullPath="C:\dev\Taskin\src\ElGuerre.Taskin.Api\Core\Mvc\ApiResult.cs" />
        <File uid="33" fullPath="C:\dev\Taskin\src\ElGuerre.Taskin.Api\Core\Mvc\Middlewares\ByPassAuthMiddleware.cs" />
        <File uid="34" fullPath="C:\dev\Taskin\src\ElGuerre.Taskin.Api\Core\Mvc\Middlewares\ExceptionMiddleware.cs" />
        <File uid="35" fullPath="C:\dev\Taskin\src\ElGuerre.Taskin.Api\Core\Mvc\Filters\ApplySwaggerDocumentFilter.cs" />
        <File uid="36" fullPath="C:\dev\Taskin\src\ElGuerre.Taskin.Api\Core\Mvc\Filters\AuthorizeCheckOperationFilter.cs" />
      </Files>
      <Classes>
        <Class>
          <Summary numSequencePoints="4" visitedSequencePoints="0" numBranchPoints="0" visitedBranchPoints="0" sequenceCoverage="0" branchCoverage="0" maxCyclomaticComplexity="0" minCyclomaticComplexity="0" visitedClasses="0" numClasses="1" visitedMethods="0" numMethods="1" />
          <FullName>Taskin.Api.Controllers.ProjectsController</FullName>
          <Methods>
            <Method cyclomaticComplexity="0" nPathComplexity="0" sequenceCoverage="0" branchCoverage="0" isConstructor="True" isGetter="False" isSetter="False" isStatic="True">
              <Summary numSequencePoints="4" visitedSequencePoints="0" numBranchPoints="0" visitedBranchPoints="0" sequenceCoverage="0" branchCoverage="0" maxCyclomaticComplexity="0" minCyclomaticComplexity="0" visitedClasses="0" numClasses="0" visitedMethods="0" numMethods="1" />
              <MetadataToken />
              <Name>System.Void Taskin.Api.Controllers.ProjectsController::.ctor(ElGuerre.Taskin.Api.Services.IProjectService)</Name>
              <FileRef uid="5" />
              <SequencePoints>
                <SequencePoint vc="0" upsid="24" ordinal="0" sl="24" sc="1" el="24" ec="2" bec="0" bev="0" fileid="5" />
                <SequencePoint vc="0" upsid="25" ordinal="1" sl="25" sc="1" el="25" ec="2" bec="0" bev="0" fileid="5" />
                <SequencePoint vc="0" upsid="26" ordinal="2" sl="26" sc="1" el="26" ec="2" bec="0" bev="0" fileid="5" />
                <SequencePoint vc="0" upsid="27" ordinal="3" sl="27" sc="1" el="27" ec="2" bec="0" bev="0" fileid="5" />
              </SequencePoints>
              <BranchPoints />
              <MethodPoint vc="0" upsid="0" p8:type="SequencePoint" ordinal="0" offset="0" sc="0" sl="24" ec="1" el="27" bec="0" bev="0" fileid="5" xmlns:p8="xsi" />
            </Method>
          </Methods>
        </Class>
        <Class>
          <Summary numSequencePoints="4" visitedSequencePoints="0" numBranchPoints="2" visitedBranchPoints="0" sequenceCoverage="0" branchCoverage="0" maxCyclomaticComplexity="0" minCyclomaticComplexity="0" visitedClasses="0" numClasses="1" visitedMethods="0" numMethods="1" />
          <FullName>Taskin.Api.Controllers.ProjectsController/&lt;GetAll&gt;d__3</FullName>
          <Methods>
            <Method cyclomaticComplexity="0" nPathComplexity="0" sequenceCoverage="0" branchCoverage="0" isConstructor="False" isGetter="False" isSetter="False" isStatic="True">
              <Summary numSequencePoints="4" visitedSequencePoints="0" numBranchPoints="2" visitedBranchPoints="0" sequenceCoverage="0" branchCoverage="0" maxCyclomaticComplexity="0" minCyclomaticComplexity="0" visitedClasses="0" numClasses="0" visitedMethods="0" numMethods="1" />
              <MetadataToken />
              <Name>System.Void Taskin.Api.Controllers.ProjectsController/&lt;GetAll&gt;d__3::MoveNext()</Name>
              <FileRef uid="5" />
              <SequencePoints>
                <SequencePoint vc="0" upsid="33" ordinal="0" sl="33" sc="1" el="33" ec="2" bec="0" bev="0" fileid="5" />
                <SequencePoint vc="0" upsid="34" ordinal="1" sl="34" sc="1" el="34" ec="2" bec="0" bev="0" fileid="5" />
                <SequencePoint vc="0" upsid="35" ordinal="2" sl="35" sc="1" el="35" ec="2" bec="0" bev="0" fileid="5" />
                <SequencePoint vc="0" upsid="36" ordinal="3" sl="36" sc="1" el="36" ec="2" bec="0" bev="0" fileid="5" />
              </SequencePoints>
              <BranchPoints>
                <BranchPoint vc="0" upsid="34" ordinal="0" path="0" offset="44" offsetend="46" sl="34" fileid="5" />
                <BranchPoint vc="0" upsid="34" ordinal="1" path="1" offset="44" offsetend="113" sl="34" fileid="5" />
              </BranchPoints>
              <MethodPoint vc="0" upsid="0" p8:type="SequencePoint" ordinal="0" offset="0" sc="0" sl="33" ec="1" el="36" bec="0" bev="0" fileid="5" xmlns:p8="xsi" />
            </Method>
          </Methods>
        </Class>
        <Class>
          <Summary numSequencePoints="9" visitedSequencePoints="0" numBranchPoints="6" visitedBranchPoints="0" sequenceCoverage="0" branchCoverage="0" maxCyclomaticComplexity="0" minCyclomaticComplexity="0" visitedClasses="0" numClasses="1" visitedMethods="0" numMethods="1" />
          <FullName>Taskin.Api.Controllers.ProjectsController/&lt;Get&gt;d__4</FullName>
          <Methods>
            <Method cyclomaticComplexity="0" nPathComplexity="0" sequenceCoverage="0" branchCoverage="0" isConstructor="False" isGetter="False" isSetter="False" isStatic="True">
              <Summary numSequencePoints="9" visitedSequencePoints="0" numBranchPoints="6" visitedBranchPoints="0" sequenceCoverage="0" branchCoverage="0" maxCyclomaticComplexity="0" minCyclomaticComplexity="0" visitedClasses="0" numClasses="0" visitedMethods="0" numMethods="1" />
              <MetadataToken />
              <Name>System.Void Taskin.Api.Controllers.ProjectsController/&lt;Get&gt;d__4::MoveNext()</Name>
              <FileRef uid="5" />
              <SequencePoints>
                <SequencePoint vc="0" upsid="43" ordinal="0" sl="43" sc="1" el="43" ec="2" bec="0" bev="0" fileid="5" />
                <SequencePoint vc="0" upsid="44" ordinal="1" sl="44" sc="1" el="44" ec="2" bec="0" bev="0" fileid="5" />
                <SequencePoint vc="0" upsid="45" ordinal="2" sl="45" sc="1" el="45" ec="2" bec="0" bev="0" fileid="5" />
                <SequencePoint vc="0" upsid="46" ordinal="3" sl="46" sc="1" el="46" ec="2" bec="0" bev="0" fileid="5" />
                <SequencePoint vc="0" upsid="49" ordinal="4" sl="49" sc="1" el="49" ec="2" bec="0" bev="0" fileid="5" />
                <SequencePoint vc="0" upsid="50" ordinal="5" sl="50" sc="1" el="50" ec="2" bec="0" bev="0" fileid="5" />
                <SequencePoint vc="0" upsid="51" ordinal="6" sl="51" sc="1" el="51" ec="2" bec="0" bev="0" fileid="5" />
                <SequencePoint vc="0" upsid="52" ordinal="7" sl="52" sc="1" el="52" ec="2" bec="0" bev="0" fileid="5" />
                <SequencePoint vc="0" upsid="53" ordinal="8" sl="53" sc="1" el="53" ec="2" bec="0" bev="0" fileid="5" />
              </SequencePoints>
              <BranchPoints>
                <BranchPoint vc="0" upsid="44" ordinal="0" path="0" offset="39" offsetend="41" sl="44" fileid="5" />
                <BranchPoint vc="0" upsid="44" ordinal="1" path="1" offset="39" offsetend="75" sl="44" fileid="5" />
                <BranchPoint vc="0" upsid="49" ordinal="2" path="0" offset="110" offsetend="112" sl="49" fileid="5" />
                <BranchPoint vc="0" upsid="49" ordinal="3" path="1" offset="110" offsetend="180" sl="49" fileid="5" />
                <BranchPoint vc="0" upsid="50" ordinal="4" path="0" offset="218" offsetend="220" sl="50" fileid="5" />
                <BranchPoint vc="0" upsid="50" ordinal="5" path="1" offset="218" offsetend="244" sl="50" fileid="5" />
              </BranchPoints>
              <MethodPoint vc="0" upsid="0" p8:type="SequencePoint" ordinal="0" offset="0" sc="0" sl="43" ec="1" el="53" bec="0" bev="0" fileid="5" xmlns:p8="xsi" />
            </Method>
          </Methods>
        </Class>
        <Class>
          <Summary numSequencePoints="10" visitedSequencePoints="0" numBranchPoints="6" visitedBranchPoints="0" sequenceCoverage="0" branchCoverage="0" maxCyclomaticComplexity="0" minCyclomaticComplexity="0" visitedClasses="0" numClasses="1" visitedMethods="0" numMethods="1" />
          <FullName>Taskin.Api.Controllers.ProjectsController/&lt;GetTasksByProjectId&gt;d__5</FullName>
          <Methods>
            <Method cyclomaticComplexity="0" nPathComplexity="0" sequenceCoverage="0" branchCoverage="0" isConstructor="False" isGetter="False" isSetter="False" isStatic="True">
              <Summary numSequencePoints="10" visitedSequencePoints="0" numBranchPoints="6" visitedBranchPoints="0" sequenceCoverage="0" branchCoverage="0" maxCyclomaticComplexity="0" minCyclomaticComplexity="0" visitedClasses="0" numClasses="0" visitedMethods="0" numMethods="1" />
              <MetadataToken />
              <Name>System.Void Taskin.Api.Controllers.ProjectsController/&lt;GetTasksByProjectId&gt;d__5::MoveNext()</Name>
              <FileRef uid="5" />
              <SequencePoints>
                <SequencePoint vc="0" upsid="60" ordinal="0" sl="60" sc="1" el="60" ec="2" bec="0" bev="0" fileid="5" />
                <SequencePoint vc="0" upsid="61" ordinal="1" sl="61" sc="1" el="61" ec="2" bec="0" bev="0" fileid="5" />
                <SequencePoint vc="0" upsid="62" ordinal="2" sl="62" sc="1" el="62" ec="2" bec="0" bev="0" fileid="5" />
                <SequencePoint vc="0" upsid="63" ordinal="3" sl="63" sc="1" el="63" ec="2" bec="0" bev="0" fileid="5" />
                <SequencePoint vc="0" upsid="66" ordinal="4" sl="66" sc="1" el="66" ec="2" bec="0" bev="0" fileid="5" />
                <SequencePoint vc="0" upsid="67" ordinal="5" sl="67" sc="1" el="67" ec="2" bec="0" bev="0" fileid="5" />
                <SequencePoint vc="0" upsid="68" ordinal="6" sl="68" sc="1" el="68" ec="2" bec="0" bev="0" fileid="5" />
                <SequencePoint vc="0" upsid="69" ordinal="7" sl="69" sc="1" el="69" ec="2" bec="0" bev="0" fileid="5" />
                <SequencePoint vc="0" upsid="72" ordinal="8" sl="72" sc="1" el="72" ec="2" bec="0" bev="0" fileid="5" />
                <SequencePoint vc="0" upsid="73" ordinal="9" sl="73" sc="1" el="73" ec="2" bec="0" bev="0" fileid="5" />
              </SequencePoints>
              <BranchPoints>
                <BranchPoint vc="0" upsid="61" ordinal="0" path="0" offset="39" offsetend="41" sl="61" fileid="5" />
                <BranchPoint vc="0" upsid="61" ordinal="1" path="1" offset="39" offsetend="75" sl="61" fileid="5" />
                <BranchPoint vc="0" upsid="66" ordinal="2" path="0" offset="110" offsetend="112" sl="66" fileid="5" />
                <BranchPoint vc="0" upsid="66" ordinal="3" path="1" offset="110" offsetend="180" sl="66" fileid="5" />
                <BranchPoint vc="0" upsid="67" ordinal="4" path="0" offset="225" offsetend="227" sl="67" fileid="5" />
                <BranchPoint vc="0" upsid="67" ordinal="5" path="1" offset="225" offsetend="247" sl="67" fileid="5" />
              </BranchPoints>
              <MethodPoint vc="0" upsid="0" p8:type="SequencePoint" ordinal="0" offset="0" sc="0" sl="60" ec="1" el="73" bec="0" bev="0" fileid="5" xmlns:p8="xsi" />
            </Method>
          </Methods>
        </Class>
        <Class>
          <Summary numSequencePoints="13" visitedSequencePoints="0" numBranchPoints="12" visitedBranchPoints="0" sequenceCoverage="0" branchCoverage="0" maxCyclomaticComplexity="0" minCyclomaticComplexity="0" visitedClasses="0" numClasses="1" visitedMethods="0" numMethods="1" />
          <FullName>Taskin.Api.Controllers.ProjectsController/&lt;Put&gt;d__6</FullName>
          <Methods>
            <Method cyclomaticComplexity="0" nPathComplexity="0" sequenceCoverage="0" branchCoverage="0" isConstructor="False" isGetter="False" isSetter="False" isStatic="True">
              <Summary numSequencePoints="13" visitedSequencePoints="0" numBranchPoints="12" visitedBranchPoints="0" sequenceCoverage="0" branchCoverage="0" maxCyclomaticComplexity="0" minCyclomaticComplexity="0" visitedClasses="0" numClasses="0" visitedMethods="0" numMethods="1" />
              <MetadataToken />
              <Name>System.Void Taskin.Api.Controllers.ProjectsController/&lt;Put&gt;d__6::MoveNext()</Name>
              <FileRef uid="5" />
              <SequencePoints>
                <SequencePoint vc="0" upsid="83" ordinal="0" sl="83" sc="1" el="83" ec="2" bec="0" bev="0" fileid="5" />
                <SequencePoint vc="0" upsid="84" ordinal="1" sl="84" sc="1" el="84" ec="2" bec="0" bev="0" fileid="5" />
                <SequencePoint vc="0" upsid="85" ordinal="2" sl="85" sc="1" el="85" ec="2" bec="0" bev="0" fileid="5" />
                <SequencePoint vc="0" upsid="86" ordinal="3" sl="86" sc="1" el="86" ec="2" bec="0" bev="0" fileid="5" />
                <SequencePoint vc="0" upsid="89" ordinal="4" sl="89" sc="1" el="89" ec="2" bec="0" bev="0" fileid="5" />
                <SequencePoint vc="0" upsid="90" ordinal="5" sl="90" sc="1" el="90" ec="2" bec="0" bev="0" fileid="5" />
                <SequencePoint vc="0" upsid="91" ordinal="6" sl="91" sc="1" el="91" ec="2" bec="0" bev="0" fileid="5" />
                <SequencePoint vc="0" upsid="94" ordinal="7" sl="94" sc="1" el="94" ec="2" bec="0" bev="0" fileid="5" />
                <SequencePoint vc="0" upsid="95" ordinal="8" sl="95" sc="1" el="95" ec="2" bec="0" bev="0" fileid="5" />
                <SequencePoint vc="0" upsid="96" ordinal="9" sl="96" sc="1" el="96" ec="2" bec="0" bev="0" fileid="5" />
                <SequencePoint vc="0" upsid="98" ordinal="10" sl="98" sc="1" el="98" ec="2" bec="0" bev="0" fileid="5" />
                <SequencePoint vc="0" upsid="99" ordinal="11" sl="99" sc="1" el="99" ec="2" bec="0" bev="0" fileid="5" />
                <SequencePoint vc="0" upsid="100" ordinal="12" sl="100" sc="1" el="100" ec="2" bec="0" bev="0" fileid="5" />
              </SequencePoints>
              <BranchPoints>
                <BranchPoint vc="0" upsid="83" ordinal="0" path="0" offset="14" offsetend="28" sl="83" fileid="5" />
                <BranchPoint vc="0" upsid="84" ordinal="2" path="0" offset="50" offsetend="52" sl="84" fileid="5" />
                <BranchPoint vc="0" upsid="84" ordinal="3" path="1" offset="50" offsetend="86" sl="84" fileid="5" />
                <BranchPoint vc="0" upsid="89" ordinal="4" path="0" offset="110" offsetend="112" sl="89" fileid="5" />
                <BranchPoint vc="0" upsid="89" ordinal="5" path="1" offset="110" offsetend="135" sl="89" fileid="5" />
                <BranchPoint vc="0" upsid="94" ordinal="6" path="0" offset="171" offsetend="173" sl="94" fileid="5" />
                <BranchPoint vc="0" upsid="94" ordinal="7" path="1" offset="171" offsetend="243" sl="94" fileid="5" />
                <BranchPoint vc="0" upsid="95" ordinal="8" path="0" offset="288" offsetend="290" sl="95" fileid="5" />
                <BranchPoint vc="0" upsid="95" ordinal="9" path="1" offset="288" offsetend="312" sl="95" fileid="5" />
                <BranchPoint vc="0" upsid="98" ordinal="10" path="0" offset="348" offsetend="350" sl="98" fileid="5" />
                <BranchPoint vc="0" upsid="83" ordinal="1" path="1" offset="14" offsetend="391" sl="83" fileid="5" />
                <BranchPoint vc="0" upsid="98" ordinal="11" path="1" offset="348" offsetend="420" sl="98" fileid="5" />
              </BranchPoints>
              <MethodPoint vc="0" upsid="0" p8:type="SequencePoint" ordinal="0" offset="0" sc="0" sl="83" ec="1" el="100" bec="0" bev="0" fileid="5" xmlns:p8="xsi" />
            </Method>
          </Methods>
        </Class>
        <Class>
          <Summary numSequencePoints="7" visitedSequencePoints="0" numBranchPoints="4" visitedBranchPoints="0" sequenceCoverage="0" branchCoverage="0" maxCyclomaticComplexity="0" minCyclomaticComplexity="0" visitedClasses="0" numClasses="1" visitedMethods="0" numMethods="1" />
          <FullName>Taskin.Api.Controllers.ProjectsController/&lt;Post&gt;d__7</FullName>
          <Methods>
            <Method cyclomaticComplexity="0" nPathComplexity="0" sequenceCoverage="0" branchCoverage="0" isConstructor="False" isGetter="False" isSetter="False" isStatic="True">
              <Summary numSequencePoints="7" visitedSequencePoints="0" numBranchPoints="4" visitedBranchPoints="0" sequenceCoverage="0" branchCoverage="0" maxCyclomaticComplexity="0" minCyclomaticComplexity="0" visitedClasses="0" numClasses="0" visitedMethods="0" numMethods="1" />
              <MetadataToken />
              <Name>System.Void Taskin.Api.Controllers.ProjectsController/&lt;Post&gt;d__7::MoveNext()</Name>
              <FileRef uid="5" />
              <SequencePoints>
                <SequencePoint vc="0" upsid="108" ordinal="0" sl="108" sc="1" el="108" ec="2" bec="0" bev="0" fileid="5" />
                <SequencePoint vc="0" upsid="109" ordinal="1" sl="109" sc="1" el="109" ec="2" bec="0" bev="0" fileid="5" />
                <SequencePoint vc="0" upsid="110" ordinal="2" sl="110" sc="1" el="110" ec="2" bec="0" bev="0" fileid="5" />
                <SequencePoint vc="0" upsid="111" ordinal="3" sl="111" sc="1" el="111" ec="2" bec="0" bev="0" fileid="5" />
                <SequencePoint vc="0" upsid="114" ordinal="4" sl="114" sc="1" el="114" ec="2" bec="0" bev="0" fileid="5" />
                <SequencePoint vc="0" upsid="115" ordinal="5" sl="115" sc="1" el="115" ec="2" bec="0" bev="0" fileid="5" />
                <SequencePoint vc="0" upsid="116" ordinal="6" sl="116" sc="1" el="116" ec="2" bec="0" bev="0" fileid="5" />
              </SequencePoints>
              <BranchPoints>
                <BranchPoint vc="0" upsid="109" ordinal="0" path="0" offset="39" offsetend="41" sl="109" fileid="5" />
                <BranchPoint vc="0" upsid="109" ordinal="1" path="1" offset="39" offsetend="75" sl="109" fileid="5" />
                <BranchPoint vc="0" upsid="114" ordinal="2" path="0" offset="110" offsetend="112" sl="114" fileid="5" />
                <BranchPoint vc="0" upsid="114" ordinal="3" path="1" offset="110" offsetend="180" sl="114" fileid="5" />
              </BranchPoints>
              <MethodPoint vc="0" upsid="0" p8:type="SequencePoint" ordinal="0" offset="0" sc="0" sl="108" ec="1" el="116" bec="0" bev="0" fileid="5" xmlns:p8="xsi" />
            </Method>
          </Methods>
        </Class>
        <Class>
          <Summary numSequencePoints="11" visitedSequencePoints="0" numBranchPoints="10" visitedBranchPoints="0" sequenceCoverage="0" branchCoverage="0" maxCyclomaticComplexity="0" minCyclomaticComplexity="0" visitedClasses="0" numClasses="1" visitedMethods="0" numMethods="1" />
          <FullName>Taskin.Api.Controllers.ProjectsController/&lt;DeleteProjectEntity&gt;d__8</FullName>
          <Methods>
            <Method cyclomaticComplexity="0" nPathComplexity="0" sequenceCoverage="0" branchCoverage="0" isConstructor="False" isGetter="False" isSetter="False" isStatic="True">
              <Summary numSequencePoints="11" visitedSequencePoints="0" numBranchPoints="10" visitedBranchPoints="0" sequenceCoverage="0" branchCoverage="0" maxCyclomaticComplexity="0" minCyclomaticComplexity="0" visitedClasses="0" numClasses="0" visitedMethods="0" numMethods="1" />
              <MetadataToken />
              <Name>System.Void Taskin.Api.Controllers.ProjectsController/&lt;DeleteProjectEntity&gt;d__8::MoveNext()</Name>
              <FileRef uid="5" />
              <SequencePoints>
                <SequencePoint vc="0" upsid="127" ordinal="0" sl="127" sc="1" el="127" ec="2" bec="0" bev="0" fileid="5" />
                <SequencePoint vc="0" upsid="128" ordinal="1" sl="128" sc="1" el="128" ec="2" bec="0" bev="0" fileid="5" />
                <SequencePoint vc="0" upsid="129" ordinal="2" sl="129" sc="1" el="129" ec="2" bec="0" bev="0" fileid="5" />
                <SequencePoint vc="0" upsid="130" ordinal="3" sl="130" sc="1" el="130" ec="2" bec="0" bev="0" fileid="5" />
                <SequencePoint vc="0" upsid="133" ordinal="4" sl="133" sc="1" el="133" ec="2" bec="0" bev="0" fileid="5" />
                <SequencePoint vc="0" upsid="134" ordinal="5" sl="134" sc="1" el="134" ec="2" bec="0" bev="0" fileid="5" />
                <SequencePoint vc="0" upsid="135" ordinal="6" sl="135" sc="1" el="135" ec="2" bec="0" bev="0" fileid="5" />
                <SequencePoint vc="0" upsid="136" ordinal="7" sl="136" sc="1" el="136" ec="2" bec="0" bev="0" fileid="5" />
                <SequencePoint vc="0" upsid="139" ordinal="8" sl="139" sc="1" el="139" ec="2" bec="0" bev="0" fileid="5" />
                <SequencePoint vc="0" upsid="140" ordinal="9" sl="140" sc="1" el="140" ec="2" bec="0" bev="0" fileid="5" />
                <SequencePoint vc="0" upsid="141" ordinal="10" sl="141" sc="1" el="141" ec="2" bec="0" bev="0" fileid="5" />
              </SequencePoints>
              <BranchPoints>
                <BranchPoint vc="0" upsid="127" ordinal="0" path="0" offset="14" offsetend="28" sl="127" fileid="5" />
                <BranchPoint vc="0" upsid="128" ordinal="2" path="0" offset="50" offsetend="52" sl="128" fileid="5" />
                <BranchPoint vc="0" upsid="128" ordinal="3" path="1" offset="50" offsetend="81" sl="128" fileid="5" />
                <BranchPoint vc="0" upsid="133" ordinal="4" path="0" offset="116" offsetend="118" sl="133" fileid="5" />
                <BranchPoint vc="0" upsid="133" ordinal="5" path="1" offset="116" offsetend="186" sl="133" fileid="5" />
                <BranchPoint vc="0" upsid="134" ordinal="6" path="0" offset="231" offsetend="233" sl="134" fileid="5" />
                <BranchPoint vc="0" upsid="134" ordinal="7" path="1" offset="231" offsetend="251" sl="134" fileid="5" />
                <BranchPoint vc="0" upsid="139" ordinal="8" path="0" offset="287" offsetend="289" sl="139" fileid="5" />
                <BranchPoint vc="0" upsid="127" ordinal="1" path="1" offset="14" offsetend="327" sl="127" fileid="5" />
                <BranchPoint vc="0" upsid="139" ordinal="9" path="1" offset="287" offsetend="356" sl="139" fileid="5" />
              </BranchPoints>
              <MethodPoint vc="0" upsid="0" p8:type="SequencePoint" ordinal="0" offset="0" sc="0" sl="127" ec="1" el="141" bec="0" bev="0" fileid="5" xmlns:p8="xsi" />
            </Method>
          </Methods>
        </Class>
        <Class>
          <Summary numSequencePoints="6" visitedSequencePoints="0" numBranchPoints="0" visitedBranchPoints="0" sequenceCoverage="0" branchCoverage="0" maxCyclomaticComplexity="0" minCyclomaticComplexity="0" visitedClasses="0" numClasses="1" visitedMethods="0" numMethods="2" />
          <FullName>Taskin.Api.Controllers.TasksController</FullName>
          <Methods>
            <Method cyclomaticComplexity="0" nPathComplexity="0" sequenceCoverage="0" branchCoverage="0" isConstructor="False" isGetter="False" isSetter="False" isStatic="True">
              <Summary numSequencePoints="2" visitedSequencePoints="0" numBranchPoints="0" visitedBranchPoints="0" sequenceCoverage="0" branchCoverage="0" maxCyclomaticComplexity="0" minCyclomaticComplexity="0" visitedClasses="0" numClasses="0" visitedMethods="0" numMethods="1" />
              <MetadataToken />
              <Name>System.Void Taskin.Api.Controllers.TasksController::Delete(System.Int32)</Name>
              <FileRef uid="6" />
              <SequencePoints>
                <SequencePoint vc="0" upsid="103" ordinal="0" sl="103" sc="1" el="103" ec="2" bec="0" bev="0" fileid="6" />
                <SequencePoint vc="0" upsid="104" ordinal="1" sl="104" sc="1" el="104" ec="2" bec="0" bev="0" fileid="6" />
              </SequencePoints>
              <BranchPoints />
              <MethodPoint vc="0" upsid="0" p8:type="SequencePoint" ordinal="0" offset="0" sc="0" sl="103" ec="1" el="104" bec="0" bev="0" fileid="6" xmlns:p8="xsi" />
            </Method>
            <Method cyclomaticComplexity="0" nPathComplexity="0" sequenceCoverage="0" branchCoverage="0" isConstructor="True" isGetter="False" isSetter="False" isStatic="True">
              <Summary numSequencePoints="4" visitedSequencePoints="0" numBranchPoints="0" visitedBranchPoints="0" sequenceCoverage="0" branchCoverage="0" maxCyclomaticComplexity="0" minCyclomaticComplexity="0" visitedClasses="0" numClasses="0" visitedMethods="0" numMethods="1" />
              <MetadataToken />
              <Name>System.Void Taskin.Api.Controllers.TasksController::.ctor(ElGuerre.Taskin.Api.Services.ITaskService)</Name>
              <FileRef uid="6" />
              <SequencePoints>
                <SequencePoint vc="0" upsid="20" ordinal="0" sl="20" sc="1" el="20" ec="2" bec="0" bev="0" fileid="6" />
                <SequencePoint vc="0" upsid="21" ordinal="1" sl="21" sc="1" el="21" ec="2" bec="0" bev="0" fileid="6" />
                <SequencePoint vc="0" upsid="22" ordinal="2" sl="22" sc="1" el="22" ec="2" bec="0" bev="0" fileid="6" />
                <SequencePoint vc="0" upsid="23" ordinal="3" sl="23" sc="1" el="23" ec="2" bec="0" bev="0" fileid="6" />
              </SequencePoints>
              <BranchPoints />
              <MethodPoint vc="0" upsid="0" p8:type="SequencePoint" ordinal="1" offset="1" sc="0" sl="20" ec="1" el="23" bec="0" bev="0" fileid="6" xmlns:p8="xsi" />
            </Method>
          </Methods>
        </Class>
        <Class>
          <Summary numSequencePoints="4" visitedSequencePoints="0" numBranchPoints="2" visitedBranchPoints="0" sequenceCoverage="0" branchCoverage="0" maxCyclomaticComplexity="0" minCyclomaticComplexity="0" visitedClasses="0" numClasses="1" visitedMethods="0" numMethods="1" />
          <FullName>Taskin.Api.Controllers.TasksController/&lt;Get&gt;d__3</FullName>
          <Methods>
            <Method cyclomaticComplexity="0" nPathComplexity="0" sequenceCoverage="0" branchCoverage="0" isConstructor="False" isGetter="False" isSetter="False" isStatic="True">
              <Summary numSequencePoints="4" visitedSequencePoints="0" numBranchPoints="2" visitedBranchPoints="0" sequenceCoverage="0" branchCoverage="0" maxCyclomaticComplexity="0" minCyclomaticComplexity="0" visitedClasses="0" numClasses="0" visitedMethods="0" numMethods="1" />
              <MetadataToken />
              <Name>System.Void Taskin.Api.Controllers.TasksController/&lt;Get&gt;d__3::MoveNext()</Name>
              <FileRef uid="6" />
              <SequencePoints>
                <SequencePoint vc="0" upsid="30" ordinal="0" sl="30" sc="1" el="30" ec="2" bec="0" bev="0" fileid="6" />
                <SequencePoint vc="0" upsid="31" ordinal="1" sl="31" sc="1" el="31" ec="2" bec="0" bev="0" fileid="6" />
                <SequencePoint vc="0" upsid="32" ordinal="2" sl="32" sc="1" el="32" ec="2" bec="0" bev="0" fileid="6" />
                <SequencePoint vc="0" upsid="33" ordinal="3" sl="33" sc="1" el="33" ec="2" bec="0" bev="0" fileid="6" />
              </SequencePoints>
              <BranchPoints>
                <BranchPoint vc="0" upsid="31" ordinal="0" path="0" offset="44" offsetend="46" sl="31" fileid="6" />
                <BranchPoint vc="0" upsid="31" ordinal="1" path="1" offset="44" offsetend="113" sl="31" fileid="6" />
              </BranchPoints>
              <MethodPoint vc="0" upsid="0" p8:type="SequencePoint" ordinal="0" offset="0" sc="0" sl="30" ec="1" el="33" bec="0" bev="0" fileid="6" xmlns:p8="xsi" />
            </Method>
          </Methods>
        </Class>
        <Class>
          <Summary numSequencePoints="10" visitedSequencePoints="0" numBranchPoints="6" visitedBranchPoints="0" sequenceCoverage="0" branchCoverage="0" maxCyclomaticComplexity="0" minCyclomaticComplexity="0" visitedClasses="0" numClasses="1" visitedMethods="0" numMethods="1" />
          <FullName>Taskin.Api.Controllers.TasksController/&lt;Get&gt;d__4</FullName>
          <Methods>
            <Method cyclomaticComplexity="0" nPathComplexity="0" sequenceCoverage="0" branchCoverage="0" isConstructor="False" isGetter="False" isSetter="False" isStatic="True">
              <Summary numSequencePoints="10" visitedSequencePoints="0" numBranchPoints="6" visitedBranchPoints="0" sequenceCoverage="0" branchCoverage="0" maxCyclomaticComplexity="0" minCyclomaticComplexity="0" visitedClasses="0" numClasses="0" visitedMethods="0" numMethods="1" />
              <MetadataToken />
              <Name>System.Void Taskin.Api.Controllers.TasksController/&lt;Get&gt;d__4::MoveNext()</Name>
              <FileRef uid="6" />
              <SequencePoints>
                <SequencePoint vc="0" upsid="40" ordinal="0" sl="40" sc="1" el="40" ec="2" bec="0" bev="0" fileid="6" />
                <SequencePoint vc="0" upsid="41" ordinal="1" sl="41" sc="1" el="41" ec="2" bec="0" bev="0" fileid="6" />
                <SequencePoint vc="0" upsid="42" ordinal="2" sl="42" sc="1" el="42" ec="2" bec="0" bev="0" fileid="6" />
                <SequencePoint vc="0" upsid="43" ordinal="3" sl="43" sc="1" el="43" ec="2" bec="0" bev="0" fileid="6" />
                <SequencePoint vc="0" upsid="46" ordinal="4" sl="46" sc="1" el="46" ec="2" bec="0" bev="0" fileid="6" />
                <SequencePoint vc="0" upsid="47" ordinal="5" sl="47" sc="1" el="47" ec="2" bec="0" bev="0" fileid="6" />
                <SequencePoint vc="0" upsid="48" ordinal="6" sl="48" sc="1" el="48" ec="2" bec="0" bev="0" fileid="6" />
                <SequencePoint vc="0" upsid="49" ordinal="7" sl="49" sc="1" el="49" ec="2" bec="0" bev="0" fileid="6" />
                <SequencePoint vc="0" upsid="52" ordinal="8" sl="52" sc="1" el="52" ec="2" bec="0" bev="0" fileid="6" />
                <SequencePoint vc="0" upsid="53" ordinal="9" sl="53" sc="1" el="53" ec="2" bec="0" bev="0" fileid="6" />
              </SequencePoints>
              <BranchPoints>
                <BranchPoint vc="0" upsid="41" ordinal="0" path="0" offset="39" offsetend="41" sl="41" fileid="6" />
                <BranchPoint vc="0" upsid="41" ordinal="1" path="1" offset="39" offsetend="75" sl="41" fileid="6" />
                <BranchPoint vc="0" upsid="46" ordinal="2" path="0" offset="110" offsetend="112" sl="46" fileid="6" />
                <BranchPoint vc="0" upsid="46" ordinal="3" path="1" offset="110" offsetend="180" sl="46" fileid="6" />
                <BranchPoint vc="0" upsid="47" ordinal="4" path="0" offset="225" offsetend="227" sl="47" fileid="6" />
                <BranchPoint vc="0" upsid="47" ordinal="5" path="1" offset="225" offsetend="247" sl="47" fileid="6" />
              </BranchPoints>
              <MethodPoint vc="0" upsid="0" p8:type="SequencePoint" ordinal="0" offset="0" sc="0" sl="40" ec="1" el="53" bec="0" bev="0" fileid="6" xmlns:p8="xsi" />
            </Method>
          </Methods>
        </Class>
        <Class>
          <Summary numSequencePoints="7" visitedSequencePoints="0" numBranchPoints="4" visitedBranchPoints="0" sequenceCoverage="0" branchCoverage="0" maxCyclomaticComplexity="0" minCyclomaticComplexity="0" visitedClasses="0" numClasses="1" visitedMethods="0" numMethods="1" />
          <FullName>Taskin.Api.Controllers.TasksController/&lt;Post&gt;d__5</FullName>
          <Methods>
            <Method cyclomaticComplexity="0" nPathComplexity="0" sequenceCoverage="0" branchCoverage="0" isConstructor="False" isGetter="False" isSetter="False" isStatic="True">
              <Summary numSequencePoints="7" visitedSequencePoints="0" numBranchPoints="4" visitedBranchPoints="0" sequenceCoverage="0" branchCoverage="0" maxCyclomaticComplexity="0" minCyclomaticComplexity="0" visitedClasses="0" numClasses="0" visitedMethods="0" numMethods="1" />
              <MetadataToken />
              <Name>System.Void Taskin.Api.Controllers.TasksController/&lt;Post&gt;d__5::MoveNext()</Name>
              <FileRef uid="6" />
              <SequencePoints>
                <SequencePoint vc="0" upsid="61" ordinal="0" sl="61" sc="1" el="61" ec="2" bec="0" bev="0" fileid="6" />
                <SequencePoint vc="0" upsid="62" ordinal="1" sl="62" sc="1" el="62" ec="2" bec="0" bev="0" fileid="6" />
                <SequencePoint vc="0" upsid="63" ordinal="2" sl="63" sc="1" el="63" ec="2" bec="0" bev="0" fileid="6" />
                <SequencePoint vc="0" upsid="64" ordinal="3" sl="64" sc="1" el="64" ec="2" bec="0" bev="0" fileid="6" />
                <SequencePoint vc="0" upsid="67" ordinal="4" sl="67" sc="1" el="67" ec="2" bec="0" bev="0" fileid="6" />
                <SequencePoint vc="0" upsid="68" ordinal="5" sl="68" sc="1" el="68" ec="2" bec="0" bev="0" fileid="6" />
                <SequencePoint vc="0" upsid="69" ordinal="6" sl="69" sc="1" el="69" ec="2" bec="0" bev="0" fileid="6" />
              </SequencePoints>
              <BranchPoints>
                <BranchPoint vc="0" upsid="62" ordinal="0" path="0" offset="39" offsetend="41" sl="62" fileid="6" />
                <BranchPoint vc="0" upsid="62" ordinal="1" path="1" offset="39" offsetend="75" sl="62" fileid="6" />
                <BranchPoint vc="0" upsid="67" ordinal="2" path="0" offset="110" offsetend="112" sl="67" fileid="6" />
                <BranchPoint vc="0" upsid="67" ordinal="3" path="1" offset="110" offsetend="180" sl="67" fileid="6" />
              </BranchPoints>
              <MethodPoint vc="0" upsid="0" p8:type="SequencePoint" ordinal="0" offset="0" sc="0" sl="61" ec="1" el="69" bec="0" bev="0" fileid="6" xmlns:p8="xsi" />
            </Method>
          </Methods>
        </Class>
        <Class>
          <Summary numSequencePoints="13" visitedSequencePoints="0" numBranchPoints="12" visitedBranchPoints="0" sequenceCoverage="0" branchCoverage="0" maxCyclomaticComplexity="0" minCyclomaticComplexity="0" visitedClasses="0" numClasses="1" visitedMethods="0" numMethods="1" />
          <FullName>Taskin.Api.Controllers.TasksController/&lt;Put&gt;d__6</FullName>
          <Methods>
            <Method cyclomaticComplexity="0" nPathComplexity="0" sequenceCoverage="0" branchCoverage="0" isConstructor="False" isGetter="False" isSetter="False" isStatic="True">
              <Summary numSequencePoints="13" visitedSequencePoints="0" numBranchPoints="12" visitedBranchPoints="0" sequenceCoverage="0" branchCoverage="0" maxCyclomaticComplexity="0" minCyclomaticComplexity="0" visitedClasses="0" numClasses="0" visitedMethods="0" numMethods="1" />
              <MetadataToken />
              <Name>System.Void Taskin.Api.Controllers.TasksController/&lt;Put&gt;d__6::MoveNext()</Name>
              <FileRef uid="6" />
              <SequencePoints>
                <SequencePoint vc="0" upsid="80" ordinal="0" sl="80" sc="1" el="80" ec="2" bec="0" bev="0" fileid="6" />
                <SequencePoint vc="0" upsid="81" ordinal="1" sl="81" sc="1" el="81" ec="2" bec="0" bev="0" fileid="6" />
                <SequencePoint vc="0" upsid="82" ordinal="2" sl="82" sc="1" el="82" ec="2" bec="0" bev="0" fileid="6" />
                <SequencePoint vc="0" upsid="83" ordinal="3" sl="83" sc="1" el="83" ec="2" bec="0" bev="0" fileid="6" />
                <SequencePoint vc="0" upsid="86" ordinal="4" sl="86" sc="1" el="86" ec="2" bec="0" bev="0" fileid="6" />
                <SequencePoint vc="0" upsid="87" ordinal="5" sl="87" sc="1" el="87" ec="2" bec="0" bev="0" fileid="6" />
                <SequencePoint vc="0" upsid="88" ordinal="6" sl="88" sc="1" el="88" ec="2" bec="0" bev="0" fileid="6" />
                <SequencePoint vc="0" upsid="91" ordinal="7" sl="91" sc="1" el="91" ec="2" bec="0" bev="0" fileid="6" />
                <SequencePoint vc="0" upsid="92" ordinal="8" sl="92" sc="1" el="92" ec="2" bec="0" bev="0" fileid="6" />
                <SequencePoint vc="0" upsid="93" ordinal="9" sl="93" sc="1" el="93" ec="2" bec="0" bev="0" fileid="6" />
                <SequencePoint vc="0" upsid="95" ordinal="10" sl="95" sc="1" el="95" ec="2" bec="0" bev="0" fileid="6" />
                <SequencePoint vc="0" upsid="96" ordinal="11" sl="96" sc="1" el="96" ec="2" bec="0" bev="0" fileid="6" />
                <SequencePoint vc="0" upsid="97" ordinal="12" sl="97" sc="1" el="97" ec="2" bec="0" bev="0" fileid="6" />
              </SequencePoints>
              <BranchPoints>
                <BranchPoint vc="0" upsid="80" ordinal="0" path="0" offset="14" offsetend="28" sl="80" fileid="6" />
                <BranchPoint vc="0" upsid="81" ordinal="2" path="0" offset="50" offsetend="52" sl="81" fileid="6" />
                <BranchPoint vc="0" upsid="81" ordinal="3" path="1" offset="50" offsetend="86" sl="81" fileid="6" />
                <BranchPoint vc="0" upsid="86" ordinal="4" path="0" offset="110" offsetend="112" sl="86" fileid="6" />
                <BranchPoint vc="0" upsid="86" ordinal="5" path="1" offset="110" offsetend="135" sl="86" fileid="6" />
                <BranchPoint vc="0" upsid="91" ordinal="6" path="0" offset="171" offsetend="173" sl="91" fileid="6" />
                <BranchPoint vc="0" upsid="91" ordinal="7" path="1" offset="171" offsetend="243" sl="91" fileid="6" />
                <BranchPoint vc="0" upsid="92" ordinal="8" path="0" offset="288" offsetend="290" sl="92" fileid="6" />
                <BranchPoint vc="0" upsid="92" ordinal="9" path="1" offset="288" offsetend="312" sl="92" fileid="6" />
                <BranchPoint vc="0" upsid="95" ordinal="10" path="0" offset="348" offsetend="350" sl="95" fileid="6" />
                <BranchPoint vc="0" upsid="80" ordinal="1" path="1" offset="14" offsetend="391" sl="80" fileid="6" />
                <BranchPoint vc="0" upsid="95" ordinal="11" path="1" offset="348" offsetend="420" sl="95" fileid="6" />
              </BranchPoints>
              <MethodPoint vc="0" upsid="0" p8:type="SequencePoint" ordinal="0" offset="0" sc="0" sl="80" ec="1" el="97" bec="0" bev="0" fileid="6" xmlns:p8="xsi" />
            </Method>
          </Methods>
        </Class>
        <Class>
          <Summary numSequencePoints="18" visitedSequencePoints="0" numBranchPoints="14" visitedBranchPoints="0" sequenceCoverage="0" branchCoverage="0" maxCyclomaticComplexity="0" minCyclomaticComplexity="0" visitedClasses="0" numClasses="1" visitedMethods="0" numMethods="1" />
          <FullName>IDB.Business.Disbursement.Api.Auth.Server.AuthorizationHeaderParameterOperationFilter</FullName>
          <Methods>
            <Method cyclomaticComplexity="0" nPathComplexity="0" sequenceCoverage="0" branchCoverage="0" isConstructor="False" isGetter="False" isSetter="False" isStatic="True">
              <Summary numSequencePoints="18" visitedSequencePoints="0" numBranchPoints="14" visitedBranchPoints="0" sequenceCoverage="0" branchCoverage="0" maxCyclomaticComplexity="0" minCyclomaticComplexity="0" visitedClasses="0" numClasses="0" visitedMethods="0" numMethods="1" />
              <MetadataToken />
              <Name>System.Void IDB.Business.Disbursement.Api.Auth.Server.AuthorizationHeaderParameterOperationFilter::Apply(Swashbuckle.AspNetCore.Swagger.Operation,Swashbuckle.AspNetCore.SwaggerGen.OperationFilterContext)</Name>
              <FileRef uid="7" />
              <SequencePoints>
                <SequencePoint vc="0" upsid="17" ordinal="0" sl="17" sc="1" el="17" ec="2" bec="0" bev="0" fileid="7" />
                <SequencePoint vc="0" upsid="18" ordinal="1" sl="18" sc="1" el="18" ec="2" bec="0" bev="0" fileid="7" />
                <SequencePoint vc="0" upsid="19" ordinal="2" sl="19" sc="1" el="19" ec="2" bec="0" bev="0" fileid="7" />
                <SequencePoint vc="0" upsid="20" ordinal="3" sl="20" sc="1" el="20" ec="2" bec="0" bev="0" fileid="7" />
                <SequencePoint vc="0" upsid="22" ordinal="4" sl="22" sc="1" el="22" ec="2" bec="0" bev="0" fileid="7" />
                <SequencePoint vc="0" upsid="23" ordinal="5" sl="23" sc="1" el="23" ec="2" bec="0" bev="0" fileid="7" />
                <SequencePoint vc="0" upsid="24" ordinal="6" sl="24" sc="1" el="24" ec="2" bec="0" bev="0" fileid="7" />
                <SequencePoint vc="0" upsid="25" ordinal="7" sl="25" sc="1" el="25" ec="2" bec="0" bev="0" fileid="7" />
                <SequencePoint vc="0" upsid="27" ordinal="8" sl="27" sc="1" el="27" ec="2" bec="0" bev="0" fileid="7" />
                <SequencePoint vc="0" upsid="28" ordinal="9" sl="28" sc="1" el="28" ec="2" bec="0" bev="0" fileid="7" />
                <SequencePoint vc="0" upsid="29" ordinal="10" sl="29" sc="1" el="29" ec="2" bec="0" bev="0" fileid="7" />
                <SequencePoint vc="0" upsid="30" ordinal="11" sl="30" sc="1" el="30" ec="2" bec="0" bev="0" fileid="7" />
                <SequencePoint vc="0" upsid="31" ordinal="12" sl="31" sc="1" el="31" ec="2" bec="0" bev="0" fileid="7" />
                <SequencePoint vc="0" upsid="32" ordinal="13" sl="32" sc="1" el="32" ec="2" bec="0" bev="0" fileid="7" />
                <SequencePoint vc="0" upsid="33" ordinal="14" sl="33" sc="1" el="33" ec="2" bec="0" bev="0" fileid="7" />
                <SequencePoint vc="0" upsid="34" ordinal="15" sl="34" sc="1" el="34" ec="2" bec="0" bev="0" fileid="7" />
                <SequencePoint vc="0" upsid="35" ordinal="16" sl="35" sc="1" el="35" ec="2" bec="0" bev="0" fileid="7" />
                <SequencePoint vc="0" upsid="36" ordinal="17" sl="36" sc="1" el="36" ec="2" bec="0" bev="0" fileid="7" />
              </SequencePoints>
              <BranchPoints>
                <BranchPoint vc="0" upsid="19" ordinal="0" path="0" offset="25" offsetend="27" sl="19" fileid="7" />
                <BranchPoint vc="0" upsid="19" ordinal="1" path="1" offset="25" offsetend="50" sl="19" fileid="7" />
                <BranchPoint vc="0" upsid="19" ordinal="2" path="0" offset="61" offsetend="63" sl="19" fileid="7" />
                <BranchPoint vc="0" upsid="19" ordinal="3" path="1" offset="61" offsetend="86" sl="19" fileid="7" />
                <BranchPoint vc="0" upsid="20" ordinal="4" path="0" offset="99" offsetend="101" sl="20" fileid="7" />
                <BranchPoint vc="0" upsid="20" ordinal="5" path="1" offset="99" offsetend="124" sl="20" fileid="7" />
                <BranchPoint vc="0" upsid="20" ordinal="6" path="0" offset="135" offsetend="137" sl="20" fileid="7" />
                <BranchPoint vc="0" upsid="20" ordinal="7" path="1" offset="135" offsetend="160" sl="20" fileid="7" />
                <BranchPoint vc="0" upsid="22" ordinal="8" path="0" offset="167" offsetend="169" sl="22" fileid="7" />
                <BranchPoint vc="0" upsid="22" ordinal="9" path="1" offset="167" offsetend="175" sl="22" fileid="7" />
                <BranchPoint vc="0" upsid="22" ordinal="10" path="0" offset="178" offsetend="180" sl="22" fileid="7" />
                <BranchPoint vc="0" upsid="24" ordinal="12" path="0" offset="194" offsetend="196" sl="24" fileid="7" />
                <BranchPoint vc="0" upsid="24" ordinal="13" path="1" offset="194" offsetend="208" sl="24" fileid="7" />
                <BranchPoint vc="0" upsid="22" ordinal="11" path="1" offset="178" offsetend="282" sl="22" fileid="7" />
              </BranchPoints>
              <MethodPoint vc="0" upsid="0" p8:type="SequencePoint" ordinal="0" offset="0" sc="0" sl="17" ec="1" el="36" bec="0" bev="0" fileid="7" xmlns:p8="xsi" />
            </Method>
          </Methods>
        </Class>
        <Class>
          <Summary numSequencePoints="11" visitedSequencePoints="0" numBranchPoints="0" visitedBranchPoints="0" sequenceCoverage="0" branchCoverage="0" maxCyclomaticComplexity="0" minCyclomaticComplexity="0" visitedClasses="0" numClasses="1" visitedMethods="0" numMethods="1" />
          <FullName>IDB.Business.Disbursement.Api.Auth.Server.IdentitySecurityScheme</FullName>
          <Methods>
            <Method cyclomaticComplexity="0" nPathComplexity="0" sequenceCoverage="0" branchCoverage="0" isConstructor="True" isGetter="False" isSetter="False" isStatic="True">
              <Summary numSequencePoints="11" visitedSequencePoints="0" numBranchPoints="0" visitedBranchPoints="0" sequenceCoverage="0" branchCoverage="0" maxCyclomaticComplexity="0" minCyclomaticComplexity="0" visitedClasses="0" numClasses="0" visitedMethods="0" numMethods="1" />
              <MetadataToken />
              <Name>System.Void IDB.Business.Disbursement.Api.Auth.Server.IdentitySecurityScheme::.ctor()</Name>
              <FileRef uid="8" />
              <SequencePoints>
                <SequencePoint vc="0" upsid="13" ordinal="0" sl="13" sc="1" el="13" ec="2" bec="0" bev="0" fileid="8" />
                <SequencePoint vc="0" upsid="14" ordinal="1" sl="14" sc="1" el="14" ec="2" bec="0" bev="0" fileid="8" />
                <SequencePoint vc="0" upsid="15" ordinal="2" sl="15" sc="1" el="15" ec="2" bec="0" bev="0" fileid="8" />
                <SequencePoint vc="0" upsid="16" ordinal="3" sl="16" sc="1" el="16" ec="2" bec="0" bev="0" fileid="8" />
                <SequencePoint vc="0" upsid="17" ordinal="4" sl="17" sc="1" el="17" ec="2" bec="0" bev="0" fileid="8" />
                <SequencePoint vc="0" upsid="18" ordinal="5" sl="18" sc="1" el="18" ec="2" bec="0" bev="0" fileid="8" />
                <SequencePoint vc="0" upsid="19" ordinal="6" sl="19" sc="1" el="19" ec="2" bec="0" bev="0" fileid="8" />
                <SequencePoint vc="0" upsid="20" ordinal="7" sl="20" sc="1" el="20" ec="2" bec="0" bev="0" fileid="8" />
                <SequencePoint vc="0" upsid="21" ordinal="8" sl="21" sc="1" el="21" ec="2" bec="0" bev="0" fileid="8" />
                <SequencePoint vc="0" upsid="22" ordinal="9" sl="22" sc="1" el="22" ec="2" bec="0" bev="0" fileid="8" />
                <SequencePoint vc="0" upsid="23" ordinal="10" sl="23" sc="1" el="23" ec="2" bec="0" bev="0" fileid="8" />
              </SequencePoints>
              <BranchPoints />
              <MethodPoint vc="0" upsid="0" p8:type="SequencePoint" ordinal="0" offset="0" sc="0" sl="13" ec="1" el="23" bec="0" bev="0" fileid="8" xmlns:p8="xsi" />
            </Method>
          </Methods>
        </Class>
        <Class>
          <Summary numSequencePoints="3" visitedSequencePoints="0" numBranchPoints="0" visitedBranchPoints="0" sequenceCoverage="0" branchCoverage="0" maxCyclomaticComplexity="0" minCyclomaticComplexity="0" visitedClasses="0" numClasses="1" visitedMethods="0" numMethods="3" />
          <FullName>ElGuerre.Taskin.Api.AppSettings</FullName>
          <Methods>
[...]
              <MetadataToken />
              <Name>System.Void ElGuerre.Taskin.Blazor.Pages.Tasks/&lt;OnInitAsync&gt;d__6::MoveNext()</Name>
              <FileRef uid="43" />
              <SequencePoints>
                <SequencePoint vc="0" upsid="51" ordinal="0" sl="51" sc="1" el="51" ec="2" bec="0" bev="0" fileid="43" />
                <SequencePoint vc="0" upsid="52" ordinal="1" sl="52" sc="1" el="52" ec="2" bec="0" bev="0" fileid="43" />
                <SequencePoint vc="0" upsid="53" ordinal="2" sl="53" sc="1" el="53" ec="2" bec="0" bev="0" fileid="43" />
              </SequencePoints>
              <BranchPoints>
                <BranchPoint vc="0" upsid="52" ordinal="0" path="0" offset="65" offsetend="67" sl="52" fileid="43" />
                <BranchPoint vc="0" upsid="52" ordinal="1" path="1" offset="65" offsetend="131" sl="52" fileid="43" />
              </BranchPoints>
              <MethodPoint vc="0" upsid="0" p8:type="SequencePoint" ordinal="0" offset="0" sc="0" sl="51" ec="1" el="53" bec="0" bev="0" fileid="43" xmlns:p8="xsi" />
            </Method>
          </Methods>
        </Class>
        <Class>
          <Summary numSequencePoints="3" visitedSequencePoints="0" numBranchPoints="0" visitedBranchPoints="0" sequenceCoverage="0" branchCoverage="0" maxCyclomaticComplexity="0" minCyclomaticComplexity="0" visitedClasses="0" numClasses="1" visitedMethods="0" numMethods="1" />
          <FullName>ElGuerre.Taskin.Blazor.Utils.JsonContent</FullName>
          <Methods>
            <Method cyclomaticComplexity="0" nPathComplexity="0" sequenceCoverage="0" branchCoverage="0" isConstructor="True" isGetter="False" isSetter="False" isStatic="True">
              <Summary numSequencePoints="3" visitedSequencePoints="0" numBranchPoints="0" visitedBranchPoints="0" sequenceCoverage="0" branchCoverage="0" maxCyclomaticComplexity="0" minCyclomaticComplexity="0" visitedClasses="0" numClasses="0" visitedMethods="0" numMethods="1" />
              <MetadataToken />
              <Name>System.Void ElGuerre.Taskin.Blazor.Utils.JsonContent::.ctor(System.Object)</Name>
              <FileRef uid="44" />
              <SequencePoints>
                <SequencePoint vc="0" upsid="10" ordinal="0" sl="10" sc="1" el="10" ec="2" bec="0" bev="0" fileid="44" />
                <SequencePoint vc="0" upsid="11" ordinal="1" sl="11" sc="1" el="11" ec="2" bec="0" bev="0" fileid="44" />
                <SequencePoint vc="0" upsid="12" ordinal="2" sl="12" sc="1" el="12" ec="2" bec="0" bev="0" fileid="44" />
              </SequencePoints>
              <BranchPoints />
              <MethodPoint vc="0" upsid="0" p8:type="SequencePoint" ordinal="0" offset="0" sc="0" sl="10" ec="1" el="12" bec="0" bev="0" fileid="44" xmlns:p8="xsi" />
            </Method>
          </Methods>
        </Class>
        <Class>
          <Summary numSequencePoints="3" visitedSequencePoints="0" numBranchPoints="0" visitedBranchPoints="0" sequenceCoverage="0" branchCoverage="0" maxCyclomaticComplexity="0" minCyclomaticComplexity="0" visitedClasses="0" numClasses="1" visitedMethods="0" numMethods="1" />
          <FullName>ElGuerre.Taskin.Blazor.Learning.Timeout</FullName>
          <Methods>
            <Method cyclomaticComplexity="0" nPathComplexity="0" sequenceCoverage="0" branchCoverage="0" isConstructor="False" isGetter="False" isSetter="False" isStatic="True">
              <Summary numSequencePoints="3" visitedSequencePoints="0" numBranchPoints="0" visitedBranchPoints="0" sequenceCoverage="0" branchCoverage="0" maxCyclomaticComplexity="0" minCyclomaticComplexity="0" visitedClasses="0" numClasses="0" visitedMethods="0" numMethods="1" />
              <MetadataToken />
              <Name>System.Void ElGuerre.Taskin.Blazor.Learning.Timeout::TimeoutCallback()</Name>
              <FileRef uid="45" />
              <SequencePoints>
                <SequencePoint vc="0" upsid="16" ordinal="0" sl="16" sc="1" el="16" ec="2" bec="0" bev="0" fileid="45" />
                <SequencePoint vc="0" upsid="17" ordinal="1" sl="17" sc="1" el="17" ec="2" bec="0" bev="0" fileid="45" />
                <SequencePoint vc="0" upsid="18" ordinal="2" sl="18" sc="1" el="18" ec="2" bec="0" bev="0" fileid="45" />
              </SequencePoints>
              <BranchPoints />
              <MethodPoint vc="0" upsid="0" p8:type="SequencePoint" ordinal="0" offset="0" sc="0" sl="16" ec="1" el="18" bec="0" bev="0" fileid="45" xmlns:p8="xsi" />
            </Method>
          </Methods>
        </Class>
        <Class>
          <Summary numSequencePoints="5" visitedSequencePoints="0" numBranchPoints="0" visitedBranchPoints="0" sequenceCoverage="0" branchCoverage="0" maxCyclomaticComplexity="0" minCyclomaticComplexity="0" visitedClasses="0" numClasses="1" visitedMethods="0" numMethods="1" />
          <FullName>ElGuerre.Taskin.Blazor.Extensions.EnumExtensions</FullName>
          <Methods>
            <Method cyclomaticComplexity="0" nPathComplexity="0" sequenceCoverage="0" branchCoverage="0" isConstructor="False" isGetter="False" isSetter="False" isStatic="True">
              <Summary numSequencePoints="5" visitedSequencePoints="0" numBranchPoints="0" visitedBranchPoints="0" sequenceCoverage="0" branchCoverage="0" maxCyclomaticComplexity="0" minCyclomaticComplexity="0" visitedClasses="0" numClasses="0" visitedMethods="0" numMethods="1" />
              <MetadataToken />
              <Name>System.Collections.Generic.IList`1&lt;System.Collections.Generic.KeyValuePair`2&lt;TValue,System.String&gt;&gt; ElGuerre.Taskin.Blazor.Extensions.EnumExtensions::ToValueList(System.Type)</Name>
              <FileRef uid="46" />
              <SequencePoints>
                <SequencePoint vc="0" upsid="22" ordinal="0" sl="22" sc="1" el="22" ec="2" bec="0" bev="0" fileid="46" />
                <SequencePoint vc="0" upsid="23" ordinal="1" sl="23" sc="1" el="23" ec="2" bec="0" bev="0" fileid="46" />
                <SequencePoint vc="0" upsid="24" ordinal="2" sl="24" sc="1" el="24" ec="2" bec="0" bev="0" fileid="46" />
                <SequencePoint vc="0" upsid="25" ordinal="3" sl="25" sc="1" el="25" ec="2" bec="0" bev="0" fileid="46" />
                <SequencePoint vc="0" upsid="26" ordinal="4" sl="26" sc="1" el="26" ec="2" bec="0" bev="0" fileid="46" />
              </SequencePoints>
              <BranchPoints />
              <MethodPoint vc="0" upsid="0" p8:type="SequencePoint" ordinal="0" offset="0" sc="0" sl="22" ec="1" el="26" bec="0" bev="0" fileid="46" xmlns:p8="xsi" />
            </Method>
          </Methods>
        </Class>
      </Classes>
    </Module>
    <Module hash="F6131D22-1E4D-481C-B6EF-04B61F0DF734">
      <ModulePath>C:\dev\Taskin\test\UnitTets\ElGuerre.Taskin.Api.Services.Tests\bin\Debug\netcoreapp2.1\ElGuerre.Taskin.Models.dll</ModulePath>
      <ModuleTime>2018-09-04T08:11:34</ModuleTime>
      <ModuleName>ElGuerre.Taskin.Models</ModuleName>
      <Files>
        <File uid="47" fullPath="C:\dev\Taskin\src\ElGuerre.Taskin.Models\BaseModel.cs" />
        <File uid="48" fullPath="C:\dev\Taskin\src\ElGuerre.Taskin.Models\ProjectModel.cs" />
        <File uid="49" fullPath="C:\dev\Taskin\src\ElGuerre.Taskin.Models\TaskModel.cs" />
      </Files>
      <Classes>
        <Class>
          <Summary numSequencePoints="1" visitedSequencePoints="1" numBranchPoints="0" visitedBranchPoints="0" sequenceCoverage="1" branchCoverage="0" maxCyclomaticComplexity="0" minCyclomaticComplexity="0" visitedClasses="1" numClasses="1" visitedMethods="1" numMethods="1" />
          <FullName>ElGuerre.Taskin.Models.BaseModel`1</FullName>
          <Methods>
            <Method cyclomaticComplexity="0" nPathComplexity="0" sequenceCoverage="1" branchCoverage="0" isConstructor="False" isGetter="True" isSetter="False" isStatic="True">
              <Summary numSequencePoints="1" visitedSequencePoints="1" numBranchPoints="0" visitedBranchPoints="0" sequenceCoverage="1" branchCoverage="0" maxCyclomaticComplexity="0" minCyclomaticComplexity="0" visitedClasses="0" numClasses="0" visitedMethods="1" numMethods="1" />
              <MetadataToken />
              <Name>Tkey ElGuerre.Taskin.Models.BaseModel`1::get_Id()</Name>
              <FileRef uid="47" />
              <SequencePoints>
                <SequencePoint vc="3" upsid="13" ordinal="0" sl="13" sc="1" el="13" ec="2" bec="0" bev="0" fileid="47" />
              </SequencePoints>
              <BranchPoints />
              <MethodPoint vc="1" upsid="0" p8:type="SequencePoint" ordinal="0" offset="0" sc="0" sl="13" ec="1" el="13" bec="0" bev="0" fileid="47" xmlns:p8="xsi" />
            </Method>
          </Methods>
        </Class>
        <Class>
          <Summary numSequencePoints="5" visitedSequencePoints="5" numBranchPoints="0" visitedBranchPoints="0" sequenceCoverage="1" branchCoverage="0" maxCyclomaticComplexity="0" minCyclomaticComplexity="0" visitedClasses="1" numClasses="1" visitedMethods="5" numMethods="5" />
          <FullName>ElGuerre.Taskin.Models.ProjectModel</FullName>
          <Methods>
            <Method cyclomaticComplexity="0" nPathComplexity="0" sequenceCoverage="1" branchCoverage="0" isConstructor="False" isGetter="True" isSetter="False" isStatic="True">
              <Summary numSequencePoints="1" visitedSequencePoints="1" numBranchPoints="0" visitedBranchPoints="0" sequenceCoverage="1" branchCoverage="0" maxCyclomaticComplexity="0" minCyclomaticComplexity="0" visitedClasses="0" numClasses="0" visitedMethods="1" numMethods="1" />
              <MetadataToken />
              <Name>System.String ElGuerre.Taskin.Models.ProjectModel::get_Title()</Name>
              <FileRef uid="48" />
              <SequencePoints>
                <SequencePoint vc="3" upsid="12" ordinal="0" sl="12" sc="1" el="12" ec="2" bec="0" bev="0" fileid="48" />
              </SequencePoints>
              <BranchPoints />
              <MethodPoint vc="1" upsid="0" p8:type="SequencePoint" ordinal="0" offset="0" sc="0" sl="12" ec="1" el="12" bec="0" bev="0" fileid="48" xmlns:p8="xsi" />
            </Method>
            <Method cyclomaticComplexity="0" nPathComplexity="0" sequenceCoverage="1" branchCoverage="0" isConstructor="False" isGetter="True" isSetter="False" isStatic="True">
              <Summary numSequencePoints="1" visitedSequencePoints="1" numBranchPoints="0" visitedBranchPoints="0" sequenceCoverage="1" branchCoverage="0" maxCyclomaticComplexity="0" minCyclomaticComplexity="0" visitedClasses="0" numClasses="0" visitedMethods="1" numMethods="1" />
              <MetadataToken />
              <Name>System.String ElGuerre.Taskin.Models.ProjectModel::get_Detail()</Name>
              <FileRef uid="48" />
              <SequencePoints>
                <SequencePoint vc="3" upsid="13" ordinal="0" sl="13" sc="1" el="13" ec="2" bec="0" bev="0" fileid="48" />
              </SequencePoints>
              <BranchPoints />
              <MethodPoint vc="1" upsid="0" p8:type="SequencePoint" ordinal="1" offset="1" sc="0" sl="13" ec="1" el="13" bec="0" bev="0" fileid="48" xmlns:p8="xsi" />
            </Method>
            <Method cyclomaticComplexity="0" nPathComplexity="0" sequenceCoverage="1" branchCoverage="0" isConstructor="False" isGetter="True" isSetter="False" isStatic="True">
              <Summary numSequencePoints="1" visitedSequencePoints="1" numBranchPoints="0" visitedBranchPoints="0" sequenceCoverage="1" branchCoverage="0" maxCyclomaticComplexity="0" minCyclomaticComplexity="0" visitedClasses="0" numClasses="0" visitedMethods="1" numMethods="1" />
              <MetadataToken />
              <Name>System.String ElGuerre.Taskin.Models.ProjectModel::get_ImageUrl()</Name>
              <FileRef uid="48" />
              <SequencePoints>
                <SequencePoint vc="3" upsid="14" ordinal="0" sl="14" sc="1" el="14" ec="2" bec="0" bev="0" fileid="48" />
              </SequencePoints>
              <BranchPoints />
              <MethodPoint vc="1" upsid="0" p8:type="SequencePoint" ordinal="2" offset="2" sc="0" sl="14" ec="1" el="14" bec="0" bev="0" fileid="48" xmlns:p8="xsi" />
            </Method>
            <Method cyclomaticComplexity="0" nPathComplexity="0" sequenceCoverage="1" branchCoverage="0" isConstructor="False" isGetter="True" isSetter="False" isStatic="True">
              <Summary numSequencePoints="1" visitedSequencePoints="1" numBranchPoints="0" visitedBranchPoints="0" sequenceCoverage="1" branchCoverage="0" maxCyclomaticComplexity="0" minCyclomaticComplexity="0" visitedClasses="0" numClasses="0" visitedMethods="1" numMethods="1" />
              <MetadataToken />
              <Name>System.Int32 ElGuerre.Taskin.Models.ProjectModel::get_ProjectType()</Name>
              <FileRef uid="48" />
              <SequencePoints>
                <SequencePoint vc="3" upsid="15" ordinal="0" sl="15" sc="1" el="15" ec="2" bec="0" bev="0" fileid="48" />
              </SequencePoints>
              <BranchPoints />
              <MethodPoint vc="1" upsid="0" p8:type="SequencePoint" ordinal="3" offset="3" sc="0" sl="15" ec="1" el="15" bec="0" bev="0" fileid="48" xmlns:p8="xsi" />
            </Method>
            <Method cyclomaticComplexity="0" nPathComplexity="0" sequenceCoverage="1" branchCoverage="0" isConstructor="False" isGetter="True" isSetter="False" isStatic="True">
              <Summary numSequencePoints="1" visitedSequencePoints="1" numBranchPoints="0" visitedBranchPoints="0" sequenceCoverage="1" branchCoverage="0" maxCyclomaticComplexity="0" minCyclomaticComplexity="0" visitedClasses="0" numClasses="0" visitedMethods="1" numMethods="1" />
              <MetadataToken />
              <Name>System.Collections.Generic.ICollection`1&lt;ElGuerre.Taskin.Models.TaskModel&gt; ElGuerre.Taskin.Models.ProjectModel::get_Tasks()</Name>
              <FileRef uid="48" />
              <SequencePoints>
                <SequencePoint vc="5" upsid="16" ordinal="0" sl="16" sc="1" el="16" ec="2" bec="0" bev="0" fileid="48" />
              </SequencePoints>
              <BranchPoints />
              <MethodPoint vc="1" upsid="0" p8:type="SequencePoint" ordinal="4" offset="4" sc="0" sl="16" ec="1" el="16" bec="0" bev="0" fileid="48" xmlns:p8="xsi" />
            </Method>
          </Methods>
        </Class>
        <Class>
          <Summary numSequencePoints="5" visitedSequencePoints="5" numBranchPoints="0" visitedBranchPoints="0" sequenceCoverage="1" branchCoverage="0" maxCyclomaticComplexity="0" minCyclomaticComplexity="0" visitedClasses="1" numClasses="1" visitedMethods="5" numMethods="5" />
          <FullName>ElGuerre.Taskin.Models.TaskModel</FullName>
          <Methods>
            <Method cyclomaticComplexity="0" nPathComplexity="0" sequenceCoverage="1" branchCoverage="0" isConstructor="False" isGetter="True" isSetter="False" isStatic="True">
              <Summary numSequencePoints="1" visitedSequencePoints="1" numBranchPoints="0" visitedBranchPoints="0" sequenceCoverage="1" branchCoverage="0" maxCyclomaticComplexity="0" minCyclomaticComplexity="0" visitedClasses="0" numClasses="0" visitedMethods="1" numMethods="1" />
              <MetadataToken />
              <Name>System.Int32 ElGuerre.Taskin.Models.TaskModel::get_Id()</Name>
              <FileRef uid="49" />
              <SequencePoints>
                <SequencePoint vc="3" upsid="15" ordinal="0" sl="15" sc="1" el="15" ec="2" bec="0" bev="0" fileid="49" />
              </SequencePoints>
              <BranchPoints />
              <MethodPoint vc="1" upsid="0" p8:type="SequencePoint" ordinal="0" offset="0" sc="0" sl="15" ec="1" el="15" bec="0" bev="0" fileid="49" xmlns:p8="xsi" />
            </Method>
            <Method cyclomaticComplexity="0" nPathComplexity="0" sequenceCoverage="1" branchCoverage="0" isConstructor="False" isGetter="True" isSetter="False" isStatic="True">
              <Summary numSequencePoints="1" visitedSequencePoints="1" numBranchPoints="0" visitedBranchPoints="0" sequenceCoverage="1" branchCoverage="0" maxCyclomaticComplexity="0" minCyclomaticComplexity="0" visitedClasses="0" numClasses="0" visitedMethods="1" numMethods="1" />
              <MetadataToken />
              <Name>System.String ElGuerre.Taskin.Models.TaskModel::get_Detail()</Name>
              <FileRef uid="49" />
              <SequencePoints>
                <SequencePoint vc="3" upsid="18" ordinal="0" sl="18" sc="1" el="18" ec="2" bec="0" bev="0" fileid="49" />
              </SequencePoints>
              <BranchPoints />
              <MethodPoint vc="1" upsid="0" p8:type="SequencePoint" ordinal="1" offset="1" sc="0" sl="18" ec="1" el="18" bec="0" bev="0" fileid="49" xmlns:p8="xsi" />
            </Method>
            <Method cyclomaticComplexity="0" nPathComplexity="0" sequenceCoverage="1" branchCoverage="0" isConstructor="False" isGetter="True" isSetter="False" isStatic="True">
              <Summary numSequencePoints="1" visitedSequencePoints="1" numBranchPoints="0" visitedBranchPoints="0" sequenceCoverage="1" branchCoverage="0" maxCyclomaticComplexity="0" minCyclomaticComplexity="0" visitedClasses="0" numClasses="0" visitedMethods="1" numMethods="1" />
              <MetadataToken />
              <Name>System.Int32 ElGuerre.Taskin.Models.TaskModel::get_Priority()</Name>
              <FileRef uid="49" />
              <SequencePoints>
                <SequencePoint vc="3" upsid="20" ordinal="0" sl="20" sc="1" el="20" ec="2" bec="0" bev="0" fileid="49" />
              </SequencePoints>
              <BranchPoints />
              <MethodPoint vc="1" upsid="0" p8:type="SequencePoint" ordinal="2" offset="2" sc="0" sl="20" ec="1" el="20" bec="0" bev="0" fileid="49" xmlns:p8="xsi" />
            </Method>
            <Method cyclomaticComplexity="0" nPathComplexity="0" sequenceCoverage="1" branchCoverage="0" isConstructor="False" isGetter="True" isSetter="False" isStatic="True">
              <Summary numSequencePoints="1" visitedSequencePoints="1" numBranchPoints="0" visitedBranchPoints="0" sequenceCoverage="1" branchCoverage="0" maxCyclomaticComplexity="0" minCyclomaticComplexity="0" visitedClasses="0" numClasses="0" visitedMethods="1" numMethods="1" />
              <MetadataToken />
              <Name>System.Int32 ElGuerre.Taskin.Models.TaskModel::get_Effort()</Name>
              <FileRef uid="49" />
              <SequencePoints>
                <SequencePoint vc="3" upsid="22" ordinal="0" sl="22" sc="1" el="22" ec="2" bec="0" bev="0" fileid="49" />
              </SequencePoints>
              <BranchPoints />
              <MethodPoint vc="1" upsid="0" p8:type="SequencePoint" ordinal="3" offset="3" sc="0" sl="22" ec="1" el="22" bec="0" bev="0" fileid="49" xmlns:p8="xsi" />
            </Method>
            <Method cyclomaticComplexity="0" nPathComplexity="0" sequenceCoverage="1" branchCoverage="0" isConstructor="False" isGetter="True" isSetter="False" isStatic="True">
              <Summary numSequencePoints="1" visitedSequencePoints="1" numBranchPoints="0" visitedBranchPoints="0" sequenceCoverage="1" branchCoverage="0" maxCyclomaticComplexity="0" minCyclomaticComplexity="0" visitedClasses="0" numClasses="0" visitedMethods="1" numMethods="1" />
              <MetadataToken />
              <Name>System.Int32 ElGuerre.Taskin.Models.TaskModel::get_TaskType()</Name>
              <FileRef uid="49" />
              <SequencePoints>
                <SequencePoint vc="3" upsid="24" ordinal="0" sl="24" sc="1" el="24" ec="2" bec="0" bev="0" fileid="49" />
              </SequencePoints>
              <BranchPoints />
              <MethodPoint vc="1" upsid="0" p8:type="SequencePoint" ordinal="4" offset="4" sc="0" sl="24" ec="1" el="24" bec="0" bev="0" fileid="49" xmlns:p8="xsi" />
            </Method>
          </Methods>
        </Class>
      </Classes>
    </Module>
  </Modules>
</CoverageSession>