SF:C:\dev\Taskin\src\ApplicationBlocks\ElGuerre.ApplicationBlocks.Logging\Logger.cs
FN:14,System.Void ElGuerre.ApplicationBlocks.Logging.Logger::Debug(System.String)
FNDA:0,System.Void ElGuerre.ApplicationBlocks.Logging.Logger::Debug(System.String)
DA:15,0
DA:16,0
DA:17,0
FN:19,System.Void ElGuerre.ApplicationBlocks.Logging.Logger::Error(System.String)
FNDA:0,System.Void ElGuerre.ApplicationBlocks.Logging.Logger::Error(System.String)
DA:20,0
DA:21,0
DA:22,0
FN:24,System.Void ElGuerre.ApplicationBlocks.Logging.Logger::Info(System.String)
FNDA:0,System.Void ElGuerre.ApplicationBlocks.Logging.Logger::Info(System.String)
DA:25,0
DA:26,0
DA:27,0
FN:29,System.Void ElGuerre.ApplicationBlocks.Logging.Logger::Warning(System.String)
FNDA:0,System.Void ElGuerre.ApplicationBlocks.Logging.Logger::Warning(System.String)
DA:30,0
DA:31,0
DA:32,0
FN:34,System.Void ElGuerre.ApplicationBlocks.Logging.Logger::Trace(System.String)
FNDA:1,System.Void ElGuerre.ApplicationBlocks.Logging.Logger::Trace(System.String)
DA:35,1
DA:36,1
DA:37,1
FN:8,System.Void ElGuerre.ApplicationBlocks.Logging.Logger::.ctor(ElGuerre.ApplicationBlocks.Logging.Providers.ILogProvider)
FNDA:1,System.Void ElGuerre.ApplicationBlocks.Logging.Logger::.ctor(ElGuerre.ApplicationBlocks.Logging.Providers.ILogProvider)
DA:9,1
DA:10,1
DA:11,1
DA:12,1
LF:19
LH:7
BRF:0
BRH:0
FNF:6
FNH:2
end_of_record
SF:C:\dev\Taskin\src\ApplicationBlocks\ElGuerre.ApplicationBlocks.Logging\Providers\BaseProvider.cs
FN:22,Serilog.LoggerConfiguration ElGuerre.ApplicationBlocks.Logging.Providers.BaseProvider::get_Config()
FNDA:0,Serilog.LoggerConfiguration ElGuerre.ApplicationBlocks.Logging.Providers.BaseProvider::get_Config()
DA:23,0
FN:28,Serilog.ILogger ElGuerre.ApplicationBlocks.Logging.Providers.BaseProvider::get_Logger()
FNDA:0,Serilog.ILogger ElGuerre.ApplicationBlocks.Logging.Providers.BaseProvider::get_Logger()
DA:29,0
DA:30,0
DA:31,0
DA:32,0
DA:33,0
BRDA:30,12,0,0
BRDA:30,12,1,0
FN:36,System.Void ElGuerre.ApplicationBlocks.Logging.Providers.BaseProvider::Debug(System.String)
FNDA:0,System.Void ElGuerre.ApplicationBlocks.Logging.Providers.BaseProvider::Debug(System.String)
DA:37,0
DA:38,0
DA:39,0
DA:40,0
BRDA:38,15,0,0
BRDA:38,15,1,0
FN:42,System.Void ElGuerre.ApplicationBlocks.Logging.Providers.BaseProvider::Error(System.String)
FNDA:0,System.Void ElGuerre.ApplicationBlocks.Logging.Providers.BaseProvider::Error(System.String)
DA:43,0
DA:44,0
DA:45,0
DA:46,0
BRDA:44,15,0,0
BRDA:44,15,1,0
FN:48,System.Void ElGuerre.ApplicationBlocks.Logging.Providers.BaseProvider::Info(System.String)
FNDA:0,System.Void ElGuerre.ApplicationBlocks.Logging.Providers.BaseProvider::Info(System.String)
DA:49,0
DA:50,0
DA:51,0
DA:52,0
BRDA:50,15,0,0
BRDA:50,15,1,0
FN:54,System.Void ElGuerre.ApplicationBlocks.Logging.Providers.BaseProvider::Warning(System.String)
FNDA:0,System.Void ElGuerre.ApplicationBlocks.Logging.Providers.BaseProvider::Warning(System.String)
DA:55,0
DA:56,0
DA:57,0
DA:58,0
BRDA:56,15,0,0
BRDA:56,15,1,0
FN:60,System.Void ElGuerre.ApplicationBlocks.Logging.Providers.BaseProvider::Trace(System.String)
FNDA:0,System.Void ElGuerre.ApplicationBlocks.Logging.Providers.BaseProvider::Trace(System.String)
DA:61,0
DA:62,0
DA:63,0
DA:64,0
BRDA:62,15,0,0
BRDA:62,15,1,0
FN:10,System.Void ElGuerre.ApplicationBlocks.Logging.Providers.BaseProvider::.ctor()
FNDA:0,System.Void ElGuerre.ApplicationBlocks.Logging.Providers.BaseProvider::.ctor()
DA:11,0
DA:12,0
DA:13,0
DA:14,0
DA:15,0
DA:16,0
DA:18,0
DA:19,0
LF:34
LH:0
BRF:12
BRH:0
FNF:8
FNH:0
end_of_record
SF:C:\dev\Taskin\src\ApplicationBlocks\ElGuerre.ApplicationBlocks.Logging\Providers\FileProvider.cs
FN:23,Serilog.LoggerConfiguration ElGuerre.ApplicationBlocks.Logging.Providers.FileProvider::get_Config()
FNDA:0,Serilog.LoggerConfiguration ElGuerre.ApplicationBlocks.Logging.Providers.FileProvider::get_Config()
DA:24,0
DA:25,0
DA:26,0
DA:27,0
DA:28,0
DA:29,0
DA:30,0
FN:10,System.Void ElGuerre.ApplicationBlocks.Logging.Providers.FileProvider::.ctor(System.String)
FNDA:0,System.Void ElGuerre.ApplicationBlocks.Logging.Providers.FileProvider::.ctor(System.String)
DA:11,0
DA:12,0
DA:13,0
DA:14,0
DA:16,0
DA:17,0
DA:18,0
DA:19,0
BRDA:13,16,0,0
BRDA:13,16,1,0
BRDA:17,39,0,0
BRDA:17,39,1,0
LF:15
LH:0
BRF:4
BRH:0
FNF:2
FNH:0
end_of_record
SF:C:\dev\Taskin\src\ApplicationBlocks\ElGuerre.ApplicationBlocks.Logging\Providers\LogProvider.cs
FN:13,Serilog.LoggerConfiguration ElGuerre.ApplicationBlocks.Logging.Providers.LogProvider::get_Config()
FNDA:0,Serilog.LoggerConfiguration ElGuerre.ApplicationBlocks.Logging.Providers.LogProvider::get_Config()
DA:14,0
FN:9,System.Void ElGuerre.ApplicationBlocks.Logging.Providers.LogProvider::.ctor(Microsoft.Extensions.Configuration.IConfiguration)
FNDA:0,System.Void ElGuerre.ApplicationBlocks.Logging.Providers.LogProvider::.ctor(Microsoft.Extensions.Configuration.IConfiguration)
DA:10,0
DA:11,0
DA:12,0
DA:13,0
LF:5
LH:0
BRF:0
BRH:0
FNF:2
FNH:0
end_of_record
SF:C:\dev\Taskin\src\ElGuerre.Taskin.Api\Controllers\ProjectsController.cs
FN:23,System.Void Taskin.Api.Controllers.ProjectsController::.ctor(ElGuerre.Taskin.Api.Services.IProjectService)
FNDA:0,System.Void Taskin.Api.Controllers.ProjectsController::.ctor(ElGuerre.Taskin.Api.Services.IProjectService)
DA:24,0
DA:25,0
DA:26,0
DA:27,0
FN:32,System.Void Taskin.Api.Controllers.ProjectsController/<GetAll>d__3::MoveNext()
FNDA:0,System.Void Taskin.Api.Controllers.ProjectsController/<GetAll>d__3::MoveNext()
DA:33,0
DA:34,0
DA:35,0
DA:36,0
BRDA:34,44,0,0
BRDA:34,44,1,0
FN:42,System.Void Taskin.Api.Controllers.ProjectsController/<Get>d__4::MoveNext()
FNDA:0,System.Void Taskin.Api.Controllers.ProjectsController/<Get>d__4::MoveNext()
DA:43,0
DA:44,0
DA:45,0
DA:46,0
DA:49,0
DA:50,0
DA:51,0
DA:52,0
DA:53,0
BRDA:44,39,0,0
BRDA:44,39,1,0
BRDA:49,110,0,0
BRDA:49,110,1,0
BRDA:50,218,0,0
BRDA:50,218,1,0
FN:59,System.Void Taskin.Api.Controllers.ProjectsController/<GetTasksByProjectId>d__5::MoveNext()
FNDA:0,System.Void Taskin.Api.Controllers.ProjectsController/<GetTasksByProjectId>d__5::MoveNext()
DA:60,0
DA:61,0
DA:62,0
DA:63,0
DA:66,0
DA:67,0
DA:68,0
DA:69,0
DA:72,0
DA:73,0
BRDA:61,39,0,0
BRDA:61,39,1,0
BRDA:66,110,0,0
BRDA:66,110,1,0
BRDA:67,225,0,0
BRDA:67,225,1,0
FN:82,System.Void Taskin.Api.Controllers.ProjectsController/<Put>d__6::MoveNext()
FNDA:0,System.Void Taskin.Api.Controllers.ProjectsController/<Put>d__6::MoveNext()
DA:83,0
DA:84,0
DA:85,0
DA:86,0
DA:89,0
DA:90,0
DA:91,0
DA:94,0
DA:95,0
DA:96,0
DA:98,0
DA:99,0
DA:100,0
BRDA:83,14,0,0
BRDA:84,50,0,0
BRDA:84,50,1,0
BRDA:89,110,0,0
BRDA:89,110,1,0
BRDA:94,171,0,0
BRDA:94,171,1,0
BRDA:95,288,0,0
BRDA:95,288,1,0
BRDA:98,348,0,0
BRDA:83,14,1,0
BRDA:98,348,1,0
FN:107,System.Void Taskin.Api.Controllers.ProjectsController/<Post>d__7::MoveNext()
FNDA:0,System.Void Taskin.Api.Controllers.ProjectsController/<Post>d__7::MoveNext()
DA:108,0
DA:109,0
DA:110,0
DA:111,0
DA:114,0
DA:115,0
DA:116,0
BRDA:109,39,0,0
BRDA:109,39,1,0
BRDA:114,110,0,0
BRDA:114,110,1,0
FN:126,System.Void Taskin.Api.Controllers.ProjectsController/<DeleteProjectEntity>d__8::MoveNext()
FNDA:0,System.Void Taskin.Api.Controllers.ProjectsController/<DeleteProjectEntity>d__8::MoveNext()
DA:127,0
DA:128,0
DA:129,0
DA:130,0
DA:133,0
DA:134,0
DA:135,0
DA:136,0
DA:139,0
DA:140,0
DA:141,0
BRDA:127,14,0,0
BRDA:128,50,0,0
BRDA:128,50,1,0
BRDA:133,116,0,0
BRDA:133,116,1,0
BRDA:134,231,0,0
BRDA:134,231,1,0
BRDA:139,287,0,0
BRDA:127,14,1,0
BRDA:139,287,1,0
LF:58
LH:0
BRF:40
BRH:0
FNF:7
FNH:0
end_of_record
SF:C:\dev\Taskin\src\ElGuerre.Taskin.Api\Controllers\TasksController.cs
FN:102,System.Void Taskin.Api.Controllers.TasksController::Delete(System.Int32)
FNDA:0,System.Void Taskin.Api.Controllers.TasksController::Delete(System.Int32)
DA:103,0
DA:104,0
FN:19,System.Void Taskin.Api.Controllers.TasksController::.ctor(ElGuerre.Taskin.Api.Services.ITaskService)
FNDA:0,System.Void Taskin.Api.Controllers.TasksController::.ctor(ElGuerre.Taskin.Api.Services.ITaskService)
DA:20,0
DA:21,0
DA:22,0
DA:23,0
FN:29,System.Void Taskin.Api.Controllers.TasksController/<Get>d__3::MoveNext()
FNDA:0,System.Void Taskin.Api.Controllers.TasksController/<Get>d__3::MoveNext()
DA:30,0
DA:31,0
DA:32,0
DA:33,0
BRDA:31,44,0,0
BRDA:31,44,1,0
FN:39,System.Void Taskin.Api.Controllers.TasksController/<Get>d__4::MoveNext()
FNDA:0,System.Void Taskin.Api.Controllers.TasksController/<Get>d__4::MoveNext()
DA:40,0
DA:41,0
DA:42,0
DA:43,0
DA:46,0
DA:47,0
DA:48,0
DA:49,0
DA:52,0
DA:53,0
BRDA:41,39,0,0
BRDA:41,39,1,0
BRDA:46,110,0,0
BRDA:46,110,1,0
BRDA:47,225,0,0
BRDA:47,225,1,0
FN:60,System.Void Taskin.Api.Controllers.TasksController/<Post>d__5::MoveNext()
FNDA:0,System.Void Taskin.Api.Controllers.TasksController/<Post>d__5::MoveNext()
DA:61,0
DA:62,0
DA:63,0
DA:64,0
DA:67,0
DA:68,0
DA:69,0
BRDA:62,39,0,0
BRDA:62,39,1,0
BRDA:67,110,0,0
BRDA:67,110,1,0
FN:79,System.Void Taskin.Api.Controllers.TasksController/<Put>d__6::MoveNext()
FNDA:0,System.Void Taskin.Api.Controllers.TasksController/<Put>d__6::MoveNext()
DA:80,0
DA:81,0
DA:82,0
DA:83,0
DA:86,0
DA:87,0
DA:88,0
DA:91,0
DA:92,0
DA:93,0
DA:95,0
DA:96,0
DA:97,0
BRDA:80,14,0,0
BRDA:81,50,0,0
BRDA:81,50,1,0
BRDA:86,110,0,0
BRDA:86,110,1,0
BRDA:91,171,0,0
BRDA:91,171,1,0
BRDA:92,288,0,0
BRDA:92,288,1,0
BRDA:95,348,0,0
BRDA:80,14,1,0
BRDA:95,348,1,0
LF:40
LH:0
BRF:24
BRH:0
FNF:6
FNH:0
end_of_record
SF:C:\dev\Taskin\src\ElGuerre.Taskin.Api\Auth\Server\AuthorizationHeaderParameterOperationFilter.cs
FN:16,System.Void IDB.Business.Disbursement.Api.Auth.Server.AuthorizationHeaderParameterOperationFilter::Apply(Swashbuckle.AspNetCore.Swagger.Operation,Swashbuckle.AspNetCore.SwaggerGen.OperationFilterContext)
FNDA:0,System.Void IDB.Business.Disbursement.Api.Auth.Server.AuthorizationHeaderParameterOperationFilter::Apply(Swashbuckle.AspNetCore.Swagger.Operation,Swashbuckle.AspNetCore.SwaggerGen.OperationFilterContext)
DA:17,0
DA:18,0
DA:19,0
DA:20,0
DA:22,0
DA:23,0
DA:24,0
DA:25,0
DA:27,0
DA:28,0
DA:29,0
DA:30,0
DA:31,0
DA:32,0
DA:33,0
DA:34,0
DA:35,0
DA:36,0
BRDA:19,25,0,0
BRDA:19,25,1,0
BRDA:19,61,0,0
BRDA:19,61,1,0
BRDA:20,99,0,0
BRDA:20,99,1,0
BRDA:20,135,0,0
BRDA:20,135,1,0
BRDA:22,167,0,0
BRDA:22,167,1,0
BRDA:22,178,0,0
BRDA:24,194,0,0
BRDA:24,194,1,0
BRDA:22,178,1,0
LF:18
LH:0
BRF:14
BRH:0
FNF:1
FNH:0
end_of_record
SF:C:\dev\Taskin\src\ElGuerre.Taskin.Api\Auth\Server\IdentitySecurityScheme.cs
FN:12,System.Void IDB.Business.Disbursement.Api.Auth.Server.IdentitySecurityScheme::.ctor()
FNDA:0,System.Void IDB.Business.Disbursement.Api.Auth.Server.IdentitySecurityScheme::.ctor()
DA:13,0
DA:14,0
DA:15,0
DA:16,0
DA:17,0
DA:18,0
DA:19,0
DA:20,0
DA:21,0
DA:22,0
DA:23,0
LF:11
LH:0
BRF:0
BRH:0
FNF:1
FNH:0
end_of_record
SF:C:\dev\Taskin\src\ElGuerre.Taskin.Api\AppSettings.cs
FN:10,System.String ElGuerre.Taskin.Api.AppSettings::get_ServiceUrl()
FNDA:0,System.String ElGuerre.Taskin.Api.AppSettings::get_ServiceUrl()
DA:11,0
FN:11,System.String ElGuerre.Taskin.Api.AppSettings::get_ConnectionStrings()
FNDA:0,System.String ElGuerre.Taskin.Api.AppSettings::get_ConnectionStrings()
DA:12,0
FN:12,ElGuerre.Taskin.Api.Logging ElGuerre.Taskin.Api.AppSettings::get_Logging()
FNDA:0,ElGuerre.Taskin.Api.Logging ElGuerre.Taskin.Api.AppSettings::get_Logging()
DA:13,0
FN:17,System.Boolean ElGuerre.Taskin.Api.Logging::get_IncludeScopes()
FNDA:0,System.Boolean ElGuerre.Taskin.Api.Logging::get_IncludeScopes()
DA:18,0
FN:18,ElGuerre.Taskin.Api.Loglevel ElGuerre.Taskin.Api.Logging::get_LogLevel()
FNDA:0,ElGuerre.Taskin.Api.Loglevel ElGuerre.Taskin.Api.Logging::get_LogLevel()
DA:19,0
FN:23,System.String ElGuerre.Taskin.Api.Loglevel::get_Default()
FNDA:0,System.String ElGuerre.Taskin.Api.Loglevel::get_Default()
DA:24,0
FN:24,System.String ElGuerre.Taskin.Api.Loglevel::get_System()
FNDA:0,System.String ElGuerre.Taskin.Api.Loglevel::get_System()
DA:25,0
FN:25,System.String ElGuerre.Taskin.Api.Loglevel::get_Microsoft()
FNDA:0,System.String ElGuerre.Taskin.Api.Loglevel::get_Microsoft()
DA:26,0
LF:8
LH:0
BRF:0
BRH:0
FNF:8
FNH:0
end_of_record
SF:C:\dev\Taskin\src\ElGuerre.Taskin.Api\Core\ApiResponse.cs
FN:20,System.Boolean ElGuerre.Taskin.Api.ApiResponse`1::get_IsValid()
FNDA:0,System.Boolean ElGuerre.Taskin.Api.ApiResponse`1::get_IsValid()
DA:21,0
FN:21,System.String ElGuerre.Taskin.Api.ApiResponse`1::get_ErrorCode()
FNDA:0,System.String ElGuerre.Taskin.Api.ApiResponse`1::get_ErrorCode()
DA:22,0
FN:22,System.String ElGuerre.Taskin.Api.ApiResponse`1::get_ErrorMessage()
FNDA:0,System.String ElGuerre.Taskin.Api.ApiResponse`1::get_ErrorMessage()
DA:23,0
FN:23,T ElGuerre.Taskin.Api.ApiResponse`1::get_Data()
FNDA:0,T ElGuerre.Taskin.Api.ApiResponse`1::get_Data()
DA:24,0
FN:26,System.String ElGuerre.Taskin.Api.ApiResponse`1::ToJson()
FNDA:0,System.String ElGuerre.Taskin.Api.ApiResponse`1::ToJson()
DA:27,0
DA:28,0
DA:29,0
DA:30,0
FN:11,System.Void ElGuerre.Taskin.Api.ApiResponse`1::.ctor()
FNDA:0,System.Void ElGuerre.Taskin.Api.ApiResponse`1::.ctor()
DA:12,0
DA:13,0
DA:14,0
DA:15,0
DA:16,0
DA:17,0
FN:18,System.Void ElGuerre.Taskin.Api.ApiResponse`1::.ctor(T)
FNDA:0,System.Void ElGuerre.Taskin.Api.ApiResponse`1::.ctor(T)
DA:19,0
LF:15
LH:0
BRF:0
BRH:0
FNF:7
FNH:0
end_of_record
SF:C:\dev\Taskin\src\ElGuerre.Taskin.Api\Core\Exceptions\BaseException.cs
FN:13,System.String ElGuerre.Taskin.Api.BaseException::get_AppName()
FNDA:0,System.String ElGuerre.Taskin.Api.BaseException::get_AppName()
DA:14,0
FN:16,System.Void ElGuerre.Taskin.Api.BaseException::.ctor(System.String,System.Exception)
FNDA:0,System.Void ElGuerre.Taskin.Api.BaseException::.ctor(System.String,System.Exception)
DA:17,0
DA:18,0
DA:19,0
FN:21,System.Void ElGuerre.Taskin.Api.BaseException::.ctor(System.Exception)
FNDA:0,System.Void ElGuerre.Taskin.Api.BaseException::.ctor(System.Exception)
DA:22,0
DA:23,0
DA:24,0
BRDA:22,2,0,0
BRDA:22,2,1,0
FN:26,System.Void ElGuerre.Taskin.Api.BaseException::.ctor(System.String)
FNDA:0,System.Void ElGuerre.Taskin.Api.BaseException::.ctor(System.String)
DA:27,0
DA:28,0
DA:29,0
FN:32,System.Void ElGuerre.Taskin.Api.BaseException::.ctor(System.Runtime.Serialization.SerializationInfo,System.Runtime.Serialization.StreamingContext)
FNDA:0,System.Void ElGuerre.Taskin.Api.BaseException::.ctor(System.Runtime.Serialization.SerializationInfo,System.Runtime.Serialization.StreamingContext)
DA:33,0
DA:34,0
DA:35,0
LF:13
LH:0
BRF:2
BRH:0
FNF:5
FNH:0
end_of_record
SF:C:\dev\Taskin\src\ElGuerre.Taskin.Api\Core\Exceptions\DataException.cs
FN:14,System.Void ElGuerre.Taskin.Api.DataException::.ctor(System.String,System.Exception)
FNDA:0,System.Void ElGuerre.Taskin.Api.DataException::.ctor(System.String,System.Exception)
DA:15,0
DA:16,0
DA:17,0
FN:19,System.Void ElGuerre.Taskin.Api.DataException::.ctor(System.Exception)
FNDA:0,System.Void ElGuerre.Taskin.Api.DataException::.ctor(System.Exception)
DA:20,0
DA:21,0
DA:22,0
BRDA:20,2,0,0
BRDA:20,2,1,0
FN:23,System.Void ElGuerre.Taskin.Api.DataException::.ctor(System.String)
FNDA:0,System.Void ElGuerre.Taskin.Api.DataException::.ctor(System.String)
DA:24,0
DA:25,0
DA:26,0
FN:29,System.Void ElGuerre.Taskin.Api.DataException::.ctor(System.Runtime.Serialization.SerializationInfo,System.Runtime.Serialization.StreamingContext)
FNDA:0,System.Void ElGuerre.Taskin.Api.DataException::.ctor(System.Runtime.Serialization.SerializationInfo,System.Runtime.Serialization.StreamingContext)
DA:30,0
DA:31,0
DA:32,0
LF:12
LH:0
BRF:2
BRH:0
FNF:4
FNH:0
end_of_record
SF:C:\dev\Taskin\src\ElGuerre.Taskin.Api\Core\Exceptions\ServiceException.cs
FN:14,System.Void ElGuerre.Taskin.Api.ServiceException::.ctor(System.String,System.Exception)
FNDA:0,System.Void ElGuerre.Taskin.Api.ServiceException::.ctor(System.String,System.Exception)
DA:15,0
DA:16,0
DA:17,0
FN:19,System.Void ElGuerre.Taskin.Api.ServiceException::.ctor(System.Exception)
FNDA:0,System.Void ElGuerre.Taskin.Api.ServiceException::.ctor(System.Exception)
DA:20,0
DA:21,0
DA:22,0
BRDA:20,2,0,0
BRDA:20,2,1,0
FN:24,System.Void ElGuerre.Taskin.Api.ServiceException::.ctor(System.String)
FNDA:0,System.Void ElGuerre.Taskin.Api.ServiceException::.ctor(System.String)
DA:25,0
DA:26,0
DA:27,0
FN:30,System.Void ElGuerre.Taskin.Api.ServiceException::.ctor(System.Runtime.Serialization.SerializationInfo,System.Runtime.Serialization.StreamingContext)
FNDA:0,System.Void ElGuerre.Taskin.Api.ServiceException::.ctor(System.Runtime.Serialization.SerializationInfo,System.Runtime.Serialization.StreamingContext)
DA:31,0
DA:32,0
DA:33,0
LF:12
LH:0
BRF:2
BRH:0
FNF:4
FNH:0
end_of_record
SF:C:\dev\Taskin\src\ElGuerre.Taskin.Api\Program.cs
FN:15,System.Void ElGuerre.Taskin.Api.Program::Main(System.String[])
FNDA:0,System.Void ElGuerre.Taskin.Api.Program::Main(System.String[])
DA:16,0
DA:17,0
DA:18,0
DA:19,0
DA:20,0
DA:21,0
DA:22,0
DA:23,0
DA:24,0
DA:25,0
DA:26,0
DA:27,0
DA:28,0
DA:29,0
DA:30,0
DA:31,0
DA:32,0
DA:33,0
DA:34,0
DA:35,0
DA:36,0
DA:38,0
DA:39,0
BRDA:17,37,0,0
BRDA:17,37,1,0
LF:23
LH:0
BRF:2
BRH:0
FNF:1
FNH:0
end_of_record
SF:C:\dev\Taskin\src\ElGuerre.Taskin.Api\Startup.cs
FN:41,Microsoft.Extensions.Configuration.IConfiguration ElGuerre.Taskin.Api.Startup::get_Configuration()
FNDA:0,Microsoft.Extensions.Configuration.IConfiguration ElGuerre.Taskin.Api.Startup::get_Configuration()
DA:42,0
FN:46,System.Void ElGuerre.Taskin.Api.Startup::ConfigureServices(Microsoft.Extensions.DependencyInjection.IServiceCollection)
FNDA:0,System.Void ElGuerre.Taskin.Api.Startup::ConfigureServices(Microsoft.Extensions.DependencyInjection.IServiceCollection)
DA:47,0
DA:49,0
DA:50,0
DA:51,0
DA:52,0
DA:53,0
DA:54,0
DA:59,0
DA:60,0
DA:61,0
DA:62,0
DA:63,0
DA:64,0
DA:65,0
DA:66,0
DA:68,0
DA:69,0
DA:70,0
DA:74,0
DA:75,0
DA:76,0
DA:77,0
DA:78,0
DA:79,0
DA:81,0
DA:82,0
DA:83,0
DA:84,0
DA:87,0
DA:91,0
DA:92,0
DA:95,0
DA:96,0
DA:97,0
DA:98,0
DA:101,0
DA:102,0
DA:103,0
DA:104,0
DA:105,0
DA:106,0
DA:107,0
DA:108,0
DA:109,0
DA:110,0
DA:111,0
DA:112,0
DA:113,0
DA:114,0
DA:115,0
BRDA:49,19,0,0
BRDA:49,19,1,0
BRDA:59,57,0,0
BRDA:59,57,1,0
BRDA:74,139,0,0
BRDA:76,149,0,0
BRDA:76,149,1,0
BRDA:74,139,1,0
BRDA:101,272,0,0
BRDA:101,272,1,0
FN:118,System.Void ElGuerre.Taskin.Api.Startup::Configure(Microsoft.AspNetCore.Builder.IApplicationBuilder,Microsoft.AspNetCore.Hosting.IHostingEnvironment,Microsoft.Extensions.Logging.ILoggerFactory)
FNDA:0,System.Void ElGuerre.Taskin.Api.Startup::Configure(Microsoft.AspNetCore.Builder.IApplicationBuilder,Microsoft.AspNetCore.Hosting.IHostingEnvironment,Microsoft.Extensions.Logging.ILoggerFactory)
DA:119,0
DA:120,0
DA:121,0
DA:122,0
DA:123,0
DA:124,0
DA:126,0
DA:127,0
DA:129,0
DA:134,0
DA:135,0
DA:141,0
DA:143,0
DA:144,0
DA:145,0
DA:146,0
DA:147,0
DA:149,0
DA:150,0
DA:151,0
DA:152,0
DA:153,0
DA:155,0
DA:157,0
DA:158,0
BRDA:120,9,0,0
BRDA:120,9,1,0
BRDA:141,59,0,0
BRDA:141,59,1,0
BRDA:143,103,0,0
BRDA:143,103,1,0
BRDA:149,152,0,0
BRDA:149,152,1,0
FN:31,System.Void ElGuerre.Taskin.Api.Startup::.ctor(Microsoft.AspNetCore.Hosting.IHostingEnvironment)
FNDA:0,System.Void ElGuerre.Taskin.Api.Startup::.ctor(Microsoft.AspNetCore.Hosting.IHostingEnvironment)
DA:32,0
DA:33,0
DA:34,0
DA:35,0
DA:36,0
DA:37,0
DA:38,0
DA:39,0
DA:40,0
LF:85
LH:0
BRF:20
BRH:0
FNF:4
FNH:0
end_of_record
SF:C:\dev\Taskin\src\ElGuerre.Taskin.Api\Services\BaseService.cs
FN:30,ElGuerre.Taskin.Api.Data.IUnitOfWork ElGuerre.Taskin.Api.Services.BaseService`3::get_UnityOfWork()
FNDA:0,ElGuerre.Taskin.Api.Data.IUnitOfWork ElGuerre.Taskin.Api.Services.BaseService`3::get_UnityOfWork()
DA:31,0
FN:31,ElGuerre.Taskin.Api.Data.Repository.IEntityRepository`2<TEntity,Tkey> ElGuerre.Taskin.Api.Services.BaseService`3::get_Repository()
FNDA:1,ElGuerre.Taskin.Api.Data.Repository.IEntityRepository`2<TEntity,Tkey> ElGuerre.Taskin.Api.Services.BaseService`3::get_Repository()
DA:32,1
FN:115,System.Void ElGuerre.Taskin.Api.Services.BaseService`3::Log(System.String,System.Object[])
FNDA:0,System.Void ElGuerre.Taskin.Api.Services.BaseService`3::Log(System.String,System.Object[])
DA:116,0
DA:117,0
DA:118,0
DA:119,0
BRDA:117,2,0,0
BRDA:117,2,1,0
FN:121,System.Void ElGuerre.Taskin.Api.Services.BaseService`3::Log(System.String,TModel)
FNDA:1,System.Void ElGuerre.Taskin.Api.Services.BaseService`3::Log(System.String,TModel)
DA:122,1
DA:123,1
DA:124,1
DA:125,1
BRDA:123,7,0,0
BRDA:123,7,1,1
FN:127,System.Void ElGuerre.Taskin.Api.Services.BaseService`3::Log(System.String,System.String)
FNDA:1,System.Void ElGuerre.Taskin.Api.Services.BaseService`3::Log(System.String,System.String)
DA:128,1
DA:129,1
DA:130,1
FN:33,System.Void ElGuerre.Taskin.Api.Services.BaseService`3::.ctor(ElGuerre.Taskin.Api.Data.Repository.IEntityRepository`2<TEntity,Tkey>,ElGuerre.Taskin.Api.Data.IUnitOfWork,ElGuerre.ApplicationBlocks.Logging.Providers.ILogProvider)
FNDA:1,System.Void ElGuerre.Taskin.Api.Services.BaseService`3::.ctor(ElGuerre.Taskin.Api.Data.Repository.IEntityRepository`2<TEntity,Tkey>,ElGuerre.Taskin.Api.Data.IUnitOfWork,ElGuerre.ApplicationBlocks.Logging.Providers.ILogProvider)
DA:34,1
DA:35,1
DA:36,1
DA:37,1
DA:38,1
DA:39,1
FN:41,System.Void ElGuerre.Taskin.Api.Services.BaseService`3/<GetAsync>d__8::MoveNext()
FNDA:0,System.Void ElGuerre.Taskin.Api.Services.BaseService`3/<GetAsync>d__8::MoveNext()
DA:42,0
DA:43,0
DA:45,0
DA:46,0
DA:47,0
DA:48,0
BRDA:45,77,0,0
BRDA:45,77,1,0
FN:50,System.Void ElGuerre.Taskin.Api.Services.BaseService`3/<GetAsync>d__9::MoveNext()
FNDA:0,System.Void ElGuerre.Taskin.Api.Services.BaseService`3/<GetAsync>d__9::MoveNext()
DA:51,0
DA:52,0
DA:54,0
DA:55,0
DA:56,0
DA:57,0
BRDA:54,87,0,0
BRDA:54,87,1,0
FN:59,System.Void ElGuerre.Taskin.Api.Services.BaseService`3/<AddAsync>d__10::MoveNext()
FNDA:0,System.Void ElGuerre.Taskin.Api.Services.BaseService`3/<AddAsync>d__10::MoveNext()
DA:60,0
DA:61,0
DA:63,0
DA:64,0
DA:66,0
DA:67,0
DA:69,0
DA:70,0
DA:71,0
BRDA:66,121,0,0
BRDA:66,121,1,0
FN:73,System.Void ElGuerre.Taskin.Api.Services.BaseService`3/<UpdateAsync>d__11::MoveNext()
FNDA:0,System.Void ElGuerre.Taskin.Api.Services.BaseService`3/<UpdateAsync>d__11::MoveNext()
DA:74,0
DA:75,0
DA:77,0
DA:78,0
DA:80,0
DA:81,0
DA:82,0
DA:84,0
DA:85,0
DA:86,0
BRDA:77,83,0,0
BRDA:77,83,1,0
BRDA:78,207,0,0
BRDA:78,207,1,0
FN:88,System.Void ElGuerre.Taskin.Api.Services.BaseService`3/<DeleteAsync>d__12::MoveNext()
FNDA:0,System.Void ElGuerre.Taskin.Api.Services.BaseService`3/<DeleteAsync>d__12::MoveNext()
DA:89,0
DA:90,0
DA:92,0
DA:93,0
DA:94,0
DA:95,0
BRDA:93,90,0,0
BRDA:93,90,1,0
FN:97,System.Void ElGuerre.Taskin.Api.Services.BaseService`3/<ExistsAsync>d__13::MoveNext()
FNDA:0,System.Void ElGuerre.Taskin.Api.Services.BaseService`3/<ExistsAsync>d__13::MoveNext()
DA:98,0
DA:99,0
DA:101,0
DA:102,0
BRDA:101,87,0,0
BRDA:101,87,1,0
LF:60
LH:14
BRF:18
BRH:1
FNF:12
FNH:4
end_of_record
SF:C:\dev\Taskin\src\ElGuerre.Taskin.Api\Services\ProjectService.cs
FN:19,System.Void ElGuerre.Taskin.Api.Services.ProjectService::.ctor(ElGuerre.Taskin.Api.Data.Repository.IProjectRepository,ElGuerre.Taskin.Api.Data.IUnitOfWork,ElGuerre.ApplicationBlocks.Logging.Providers.ILogProvider)
FNDA:1,System.Void ElGuerre.Taskin.Api.Services.ProjectService::.ctor(ElGuerre.Taskin.Api.Data.Repository.IProjectRepository,ElGuerre.Taskin.Api.Data.IUnitOfWork,ElGuerre.ApplicationBlocks.Logging.Providers.ILogProvider)
DA:20,1
DA:21,1
DA:22,1
FN:24,System.Void ElGuerre.Taskin.Api.Services.ProjectService/<GetAsync>d__1::MoveNext()
FNDA:1,System.Void ElGuerre.Taskin.Api.Services.ProjectService/<GetAsync>d__1::MoveNext()
DA:25,1
DA:26,1
DA:28,1
DA:29,1
DA:30,1
DA:31,1
BRDA:28,69,0,0
BRDA:28,69,1,1
FN:33,System.Void ElGuerre.Taskin.Api.Services.ProjectService/<GetAsync>d__2::MoveNext()
FNDA:0,System.Void ElGuerre.Taskin.Api.Services.ProjectService/<GetAsync>d__2::MoveNext()
DA:34,0
DA:35,0
DA:37,0
DA:38,0
DA:39,0
DA:40,0
DA:41,0
DA:43,0
DA:44,0
DA:45,0
BRDA:37,226,0,0
BRDA:37,226,1,0
BRDA:38,341,0,0
BRDA:38,341,1,0
LF:19
LH:9
BRF:6
BRH:1
FNF:3
FNH:2
end_of_record
SF:C:\dev\Taskin\src\ElGuerre.Taskin.Api\Services\TaskService.cs
FN:19,System.Void ElGuerre.Taskin.Api.Services.TaskService::.ctor(ElGuerre.Taskin.Api.Data.Repository.ITaskRepository,ElGuerre.Taskin.Api.Data.IUnitOfWork,ElGuerre.ApplicationBlocks.Logging.Providers.ILogProvider)
FNDA:0,System.Void ElGuerre.Taskin.Api.Services.TaskService::.ctor(ElGuerre.Taskin.Api.Data.Repository.ITaskRepository,ElGuerre.Taskin.Api.Data.IUnitOfWork,ElGuerre.ApplicationBlocks.Logging.Providers.ILogProvider)
DA:20,0
DA:21,0
DA:22,0
FN:24,System.Void ElGuerre.Taskin.Api.Services.TaskService/<GetAsync>d__1::MoveNext()
FNDA:0,System.Void ElGuerre.Taskin.Api.Services.TaskService/<GetAsync>d__1::MoveNext()
DA:25,0
DA:26,0
DA:28,0
DA:29,0
DA:30,0
DA:31,0
BRDA:28,69,0,0
BRDA:28,69,1,0
LF:9
LH:0
BRF:2
BRH:0
FNF:2
FNH:0
end_of_record
SF:C:\dev\Taskin\src\ElGuerre.Taskin.Api\Models\MappingConfig.cs
FN:13,System.Void ElGuerre.Taskin.Api.Models.MappingConfig::RegisterMaps()
FNDA:1,System.Void ElGuerre.Taskin.Api.Models.MappingConfig::RegisterMaps()
DA:14,1
DA:15,1
DA:16,2
DA:17,1
DA:18,1
DA:19,2
DA:20,2
DA:21,1
DA:22,2
DA:23,2
DA:24,2
DA:25,1
BRDA:15,7,0,1
BRDA:15,7,1,1
LF:12
LH:12
BRF:2
BRH:2
FNF:1
FNH:1
end_of_record
SF:C:\dev\Taskin\src\ElGuerre.Taskin.Api\Extensions\AutoMapperExtensions.cs
FN:15,AutoMapper.IMappingExpression`2<TSource,TDestination> ElGuerre.Taskin.Api.Extensions.AutoMapperExtensions::Ignore(AutoMapper.IMappingExpression`2<TSource,TDestination>,System.Linq.Expressions.Expression`1<System.Func`2<TDestination,System.Object>>)
FNDA:0,AutoMapper.IMappingExpression`2<TSource,TDestination> ElGuerre.Taskin.Api.Extensions.AutoMapperExtensions::Ignore(AutoMapper.IMappingExpression`2<TSource,TDestination>,System.Linq.Expressions.Expression`1<System.Func`2<TDestination,System.Object>>)
DA:16,0
DA:17,0
DA:18,0
DA:19,0
BRDA:17,9,0,0
BRDA:17,9,1,0
LF:4
LH:0
BRF:2
BRH:0
FNF:1
FNH:0
end_of_record
SF:C:\dev\Taskin\src\ElGuerre.Taskin.Api\Data\DataContext.cs
FN:20,System.Void ElGuerre.Taskin.Api.Data.DataContext::OnModelCreating(Microsoft.EntityFrameworkCore.ModelBuilder)
FNDA:0,System.Void ElGuerre.Taskin.Api.Data.DataContext::OnModelCreating(Microsoft.EntityFrameworkCore.ModelBuilder)
DA:21,0
DA:22,0
DA:24,0
DA:25,0
DA:26,0
DA:27,0
DA:29,0
DA:47,0
FN:49,System.Void ElGuerre.Taskin.Api.Data.DataContext::Seed()
FNDA:0,System.Void ElGuerre.Taskin.Api.Data.DataContext::Seed()
DA:50,0
DA:51,0
DA:52,0
DA:53,0
DA:54,0
DA:55,0
DA:56,0
DA:57,0
DA:59,0
DA:60,0
DA:61,0
DA:62,0
DA:63,0
DA:64,0
DA:65,0
DA:66,0
DA:67,0
DA:68,0
DA:69,0
DA:70,0
DA:72,0
DA:73,0
DA:74,0
DA:75,0
DA:76,0
DA:77,0
DA:78,0
DA:79,0
DA:80,0
DA:82,0
DA:83,0
DA:84,0
DA:85,0
DA:86,0
DA:87,0
DA:88,0
DA:89,0
DA:90,0
DA:92,0
DA:93,0
FN:13,System.Void ElGuerre.Taskin.Api.Data.DataContext::.ctor(Microsoft.EntityFrameworkCore.DbContextOptions`1<ElGuerre.Taskin.Api.Data.DataContext>)
FNDA:0,System.Void ElGuerre.Taskin.Api.Data.DataContext::.ctor(Microsoft.EntityFrameworkCore.DbContextOptions`1<ElGuerre.Taskin.Api.Data.DataContext>)
DA:14,0
DA:15,0
DA:16,0
LF:51
LH:0
BRF:0
BRH:0
FNF:3
FNH:0
end_of_record
SF:C:\dev\Taskin\src\ElGuerre.Taskin.Api\Data\Extensions\EntityFrameworkExtensions.cs
FN:15,System.Void ElGuerre.Taskin.Api.Data.EntityFrameworkExtensions::AddEntityFramework(Microsoft.Extensions.DependencyInjection.IServiceCollection,System.Action`1<Microsoft.EntityFrameworkCore.DbContextOptionsBuilder>)
FNDA:0,System.Void ElGuerre.Taskin.Api.Data.EntityFrameworkExtensions::AddEntityFramework(Microsoft.Extensions.DependencyInjection.IServiceCollection,System.Action`1<Microsoft.EntityFrameworkCore.DbContextOptionsBuilder>)
DA:16,0
DA:17,0
DA:18,0
DA:19,0
DA:20,0
LF:5
LH:0
BRF:0
BRH:0
FNF:1
FNH:0
end_of_record
SF:C:\dev\Taskin\src\ElGuerre.Taskin.Api\Data\UnitOfWork.cs
FN:20,Microsoft.EntityFrameworkCore.DbContext ElGuerre.Taskin.Api.Data.UnitOfWork::get_Context()
FNDA:0,Microsoft.EntityFrameworkCore.DbContext ElGuerre.Taskin.Api.Data.UnitOfWork::get_Context()
DA:21,0
FN:22,Microsoft.EntityFrameworkCore.Storage.IDbContextTransaction ElGuerre.Taskin.Api.Data.UnitOfWork::get_Tx()
FNDA:0,Microsoft.EntityFrameworkCore.Storage.IDbContextTransaction ElGuerre.Taskin.Api.Data.UnitOfWork::get_Tx()
DA:23,0
FN:25,System.Void ElGuerre.Taskin.Api.Data.UnitOfWork::BeginTransaction()
FNDA:0,System.Void ElGuerre.Taskin.Api.Data.UnitOfWork::BeginTransaction()
DA:26,0
DA:27,0
DA:28,0
DA:29,0
DA:30,0
DA:31,0
BRDA:27,12,0,0
BRDA:27,12,1,0
FN:33,System.Void ElGuerre.Taskin.Api.Data.UnitOfWork::Commit()
FNDA:0,System.Void ElGuerre.Taskin.Api.Data.UnitOfWork::Commit()
DA:34,0
DA:36,0
DA:39,0
DA:40,0
DA:41,0
DA:42,0
DA:43,0
BRDA:39,24,0,0
BRDA:39,24,1,0
FN:45,System.Void ElGuerre.Taskin.Api.Data.UnitOfWork::Rollback()
FNDA:0,System.Void ElGuerre.Taskin.Api.Data.UnitOfWork::Rollback()
DA:46,0
DA:47,0
DA:48,0
DA:49,0
DA:50,0
DA:51,0
BRDA:47,12,0,0
BRDA:47,12,1,0
FN:15,System.Void ElGuerre.Taskin.Api.Data.UnitOfWork::.ctor(System.IServiceProvider)
FNDA:0,System.Void ElGuerre.Taskin.Api.Data.UnitOfWork::.ctor(System.IServiceProvider)
DA:16,0
DA:17,0
DA:18,0
DA:19,0
LF:25
LH:0
BRF:6
BRH:0
FNF:6
FNH:0
end_of_record
SF:C:\dev\Taskin\src\ElGuerre.Taskin.Api\Data\Repository\BaseRepository.cs
FN:30,TEntity ElGuerre.Taskin.Api.Data.Repository.BaseRepository`2::Find(Tkey)
FNDA:0,TEntity ElGuerre.Taskin.Api.Data.Repository.BaseRepository`2::Find(Tkey)
DA:31,0
DA:32,0
DA:33,0
FN:70,TEntity ElGuerre.Taskin.Api.Data.Repository.BaseRepository`2::Create()
FNDA:0,TEntity ElGuerre.Taskin.Api.Data.Repository.BaseRepository`2::Create()
DA:71,0
DA:72,0
DA:73,0
FN:75,TEntity ElGuerre.Taskin.Api.Data.Repository.BaseRepository`2::Add(TEntity)
FNDA:0,TEntity ElGuerre.Taskin.Api.Data.Repository.BaseRepository`2::Add(TEntity)
DA:76,0
DA:77,0
DA:78,0
DA:79,0
DA:80,0
FN:89,System.Void ElGuerre.Taskin.Api.Data.Repository.BaseRepository`2::Update(TEntity)
FNDA:0,System.Void ElGuerre.Taskin.Api.Data.Repository.BaseRepository`2::Update(TEntity)
DA:90,0
DA:91,0
DA:92,0
DA:93,0
FN:101,System.Void ElGuerre.Taskin.Api.Data.Repository.BaseRepository`2::Delete(Tkey)
FNDA:0,System.Void ElGuerre.Taskin.Api.Data.Repository.BaseRepository`2::Delete(Tkey)
DA:102,0
DA:103,0
DA:104,0
DA:105,0
DA:106,0
FN:115,System.Void ElGuerre.Taskin.Api.Data.Repository.BaseRepository`2::Delete(TEntity)
FNDA:0,System.Void ElGuerre.Taskin.Api.Data.Repository.BaseRepository`2::Delete(TEntity)
DA:116,0
DA:117,0
DA:118,0
DA:119,0
FN:127,System.Boolean ElGuerre.Taskin.Api.Data.Repository.BaseRepository`2::Any(System.Linq.Expressions.Expression`1<System.Func`2<TEntity,System.Boolean>>)
FNDA:0,System.Boolean ElGuerre.Taskin.Api.Data.Repository.BaseRepository`2::Any(System.Linq.Expressions.Expression`1<System.Func`2<TEntity,System.Boolean>>)
DA:128,0
DA:129,0
DA:130,0
FN:137,System.Linq.IQueryable`1<TEntity> ElGuerre.Taskin.Api.Data.Repository.BaseRepository`2::Where(System.Linq.Expressions.Expression`1<System.Func`2<TEntity,System.Boolean>>)
FNDA:0,System.Linq.IQueryable`1<TEntity> ElGuerre.Taskin.Api.Data.Repository.BaseRepository`2::Where(System.Linq.Expressions.Expression`1<System.Func`2<TEntity,System.Boolean>>)
DA:138,0
DA:139,0
DA:140,0
FN:142,System.Int32 ElGuerre.Taskin.Api.Data.Repository.BaseRepository`2::Count()
FNDA:0,System.Int32 ElGuerre.Taskin.Api.Data.Repository.BaseRepository`2::Count()
DA:143,0
DA:144,0
DA:145,0
FN:147,System.Threading.Tasks.Task`1<System.Int32> ElGuerre.Taskin.Api.Data.Repository.BaseRepository`2::CountAsync()
FNDA:0,System.Threading.Tasks.Task`1<System.Int32> ElGuerre.Taskin.Api.Data.Repository.BaseRepository`2::CountAsync()
DA:148,0
DA:149,0
DA:150,0
FN:152,System.Void ElGuerre.Taskin.Api.Data.Repository.BaseRepository`2::InternalUpdate(TEntity)
FNDA:0,System.Void ElGuerre.Taskin.Api.Data.Repository.BaseRepository`2::InternalUpdate(TEntity)
DA:153,0
DA:154,0
DA:155,0
DA:156,0
FN:158,System.Void ElGuerre.Taskin.Api.Data.Repository.BaseRepository`2::InternalDelete(TEntity)
FNDA:0,System.Void ElGuerre.Taskin.Api.Data.Repository.BaseRepository`2::InternalDelete(TEntity)
DA:159,0
DA:160,0
DA:161,0
DA:162,0
DA:167,0
DA:168,0
DA:169,0
BRDA:161,30,0,0
BRDA:161,30,1,0
FN:171,System.Void ElGuerre.Taskin.Api.Data.Repository.BaseRepository`2::Save()
FNDA:0,System.Void ElGuerre.Taskin.Api.Data.Repository.BaseRepository`2::Save()
DA:172,0
DA:173,0
DA:174,0
FN:23,System.Void ElGuerre.Taskin.Api.Data.Repository.BaseRepository`2::.ctor(ElGuerre.Taskin.Api.Data.DataContext)
FNDA:0,System.Void ElGuerre.Taskin.Api.Data.Repository.BaseRepository`2::.ctor(ElGuerre.Taskin.Api.Data.DataContext)
DA:24,0
DA:25,0
DA:26,0
DA:27,0
DA:28,0
FN:35,System.Void ElGuerre.Taskin.Api.Data.Repository.BaseRepository`2/<FindAsync>d__4::MoveNext()
FNDA:0,System.Void ElGuerre.Taskin.Api.Data.Repository.BaseRepository`2/<FindAsync>d__4::MoveNext()
DA:36,0
DA:37,0
DA:38,0
BRDA:37,64,0,0
BRDA:37,64,1,0
FN:43,System.Void ElGuerre.Taskin.Api.Data.Repository.BaseRepository`2/<Get>d__5::MoveNext()
FNDA:0,System.Void ElGuerre.Taskin.Api.Data.Repository.BaseRepository`2/<Get>d__5::MoveNext()
DA:44,0
DA:45,0
DA:47,0
DA:48,0
DA:49,0
DA:50,0
DA:52,0
DA:53,0
DA:54,0
DA:55,0
DA:56,0
DA:57,0
DA:58,0
DA:60,0
DA:61,0
DA:62,0
DA:65,0
DA:66,0
DA:68,0
BRDA:47,46,0,0
BRDA:47,46,1,0
BRDA:52,89,0,0
BRDA:54,213,1,0
BRDA:54,213,0,0
BRDA:52,89,1,0
BRDA:60,236,0,0
BRDA:60,236,1,0
BRDA:66,298,0,0
BRDA:66,298,1,0
FN:82,System.Void ElGuerre.Taskin.Api.Data.Repository.BaseRepository`2/<AddAsync>d__8::MoveNext()
FNDA:0,System.Void ElGuerre.Taskin.Api.Data.Repository.BaseRepository`2/<AddAsync>d__8::MoveNext()
DA:83,0
DA:84,0
DA:85,0
DA:86,0
DA:87,0
BRDA:85,67,0,0
BRDA:85,67,1,0
FN:95,System.Void ElGuerre.Taskin.Api.Data.Repository.BaseRepository`2/<UpdateAsync>d__10::MoveNext()
FNDA:0,System.Void ElGuerre.Taskin.Api.Data.Repository.BaseRepository`2/<UpdateAsync>d__10::MoveNext()
DA:96,0
DA:97,0
DA:98,0
DA:99,0
BRDA:98,57,0,0
BRDA:98,57,1,0
FN:108,System.Void ElGuerre.Taskin.Api.Data.Repository.BaseRepository`2/<DeleteAsync>d__12::MoveNext()
FNDA:0,System.Void ElGuerre.Taskin.Api.Data.Repository.BaseRepository`2/<DeleteAsync>d__12::MoveNext()
DA:109,0
DA:110,0
DA:111,0
DA:112,0
DA:113,0
BRDA:112,99,0,0
BRDA:112,99,1,0
FN:121,System.Void ElGuerre.Taskin.Api.Data.Repository.BaseRepository`2/<DeleteAsync>d__14::MoveNext()
FNDA:0,System.Void ElGuerre.Taskin.Api.Data.Repository.BaseRepository`2/<DeleteAsync>d__14::MoveNext()
DA:122,0
DA:123,0
DA:124,0
DA:125,0
BRDA:124,57,0,0
BRDA:124,57,1,0
FN:132,System.Void ElGuerre.Taskin.Api.Data.Repository.BaseRepository`2/<AnyAsync>d__16::MoveNext()
FNDA:0,System.Void ElGuerre.Taskin.Api.Data.Repository.BaseRepository`2/<AnyAsync>d__16::MoveNext()
DA:133,0
DA:134,0
DA:135,0
BRDA:134,59,0,0
BRDA:134,59,1,0
FN:176,System.Void ElGuerre.Taskin.Api.Data.Repository.BaseRepository`2/<SaveAsync>d__23::MoveNext()
FNDA:0,System.Void ElGuerre.Taskin.Api.Data.Repository.BaseRepository`2/<SaveAsync>d__23::MoveNext()
DA:177,0
DA:178,0
DA:179,0
BRDA:178,53,0,0
BRDA:178,53,1,0
LF:101
LH:0
BRF:26
BRH:0
FNF:22
FNH:0
end_of_record
SF:C:\dev\Taskin\src\ElGuerre.Taskin.Api\Data\Repository\ProjectRepository.cs
FN:11,System.Void ElGuerre.Taskin.Api.Data.Repository.ProjectRepository::.ctor(ElGuerre.Taskin.Api.Data.DataContext)
FNDA:0,System.Void ElGuerre.Taskin.Api.Data.Repository.ProjectRepository::.ctor(ElGuerre.Taskin.Api.Data.DataContext)
DA:12,0
DA:13,0
DA:14,0
LF:3
LH:0
BRF:0
BRH:0
FNF:1
FNH:0
end_of_record
SF:C:\dev\Taskin\src\ElGuerre.Taskin.Api\Data\Repository\TaskRepository.cs
FN:11,System.Void ElGuerre.Taskin.Api.Data.Repository.TaskRepository::.ctor(ElGuerre.Taskin.Api.Data.DataContext)
FNDA:0,System.Void ElGuerre.Taskin.Api.Data.Repository.TaskRepository::.ctor(ElGuerre.Taskin.Api.Data.DataContext)
DA:12,0
DA:13,0
DA:14,0
LF:3
LH:0
BRF:0
BRH:0
FNF:1
FNH:0
end_of_record
SF:C:\dev\Taskin\src\ElGuerre.Taskin.Api\Data\Entity\BaseEntity.cs
FN:12,Tkey ElGuerre.Taskin.Api.Data.Entity.BaseEntity`1::get_Id()
FNDA:18,Tkey ElGuerre.Taskin.Api.Data.Entity.BaseEntity`1::get_Id()
DA:13,18
LF:1
LH:1
BRF:0
BRH:0
FNF:1
FNH:1
end_of_record
SF:C:\dev\Taskin\src\ElGuerre.Taskin.Api\Data\Entity\ProjectEntity.cs
FN:13,System.String ElGuerre.Taskin.Api.Data.Entity.ProjectEntity::get_Title()
FNDA:6,System.String ElGuerre.Taskin.Api.Data.Entity.ProjectEntity::get_Title()
DA:14,6
FN:14,System.String ElGuerre.Taskin.Api.Data.Entity.ProjectEntity::get_Detail()
FNDA:6,System.String ElGuerre.Taskin.Api.Data.Entity.ProjectEntity::get_Detail()
DA:15,6
FN:15,System.String ElGuerre.Taskin.Api.Data.Entity.ProjectEntity::get_ImageUrl()
FNDA:6,System.String ElGuerre.Taskin.Api.Data.Entity.ProjectEntity::get_ImageUrl()
DA:16,6
FN:16,ElGuerre.Taskin.Api.Data.Entity.ProjectTypeEntity ElGuerre.Taskin.Api.Data.Entity.ProjectEntity::get_ProjectType()
FNDA:6,ElGuerre.Taskin.Api.Data.Entity.ProjectTypeEntity ElGuerre.Taskin.Api.Data.Entity.ProjectEntity::get_ProjectType()
DA:17,6
FN:18,System.Collections.Generic.ICollection`1<ElGuerre.Taskin.Api.Data.Entity.TaskEntity> ElGuerre.Taskin.Api.Data.Entity.ProjectEntity::get_Tasks()
FNDA:6,System.Collections.Generic.ICollection`1<ElGuerre.Taskin.Api.Data.Entity.TaskEntity> ElGuerre.Taskin.Api.Data.Entity.ProjectEntity::get_Tasks()
DA:19,6
LF:5
LH:5
BRF:0
BRH:0
FNF:5
FNH:5
end_of_record
SF:C:\dev\Taskin\src\ElGuerre.Taskin.Api\Data\Entity\ProjectTypeEntity.cs
FN:24,ElGuerre.Taskin.Api.Data.Entity.ProjectType ElGuerre.Taskin.Api.Data.Entity.ProjectTypeEntity::get_Value()
FNDA:3,ElGuerre.Taskin.Api.Data.Entity.ProjectType ElGuerre.Taskin.Api.Data.Entity.ProjectTypeEntity::get_Value()
DA:25,3
LF:1
LH:1
BRF:0
BRH:0
FNF:1
FNH:1
end_of_record
SF:C:\dev\Taskin\src\ElGuerre.Taskin.Api\Data\Entity\TaskEntity.cs
FN:20,System.String ElGuerre.Taskin.Api.Data.Entity.TaskEntity::get_Detail()
FNDA:6,System.String ElGuerre.Taskin.Api.Data.Entity.TaskEntity::get_Detail()
DA:21,6
FN:21,ElGuerre.Taskin.Api.Data.Entity.TaskPriority ElGuerre.Taskin.Api.Data.Entity.TaskEntity::get_Priority()
FNDA:6,ElGuerre.Taskin.Api.Data.Entity.TaskPriority ElGuerre.Taskin.Api.Data.Entity.TaskEntity::get_Priority()
DA:22,6
FN:22,System.Int32 ElGuerre.Taskin.Api.Data.Entity.TaskEntity::get_Effort()
FNDA:6,System.Int32 ElGuerre.Taskin.Api.Data.Entity.TaskEntity::get_Effort()
DA:23,6
FN:23,ElGuerre.Taskin.Api.Data.Entity.TaskTypeEntity ElGuerre.Taskin.Api.Data.Entity.TaskEntity::get_TaskType()
FNDA:6,ElGuerre.Taskin.Api.Data.Entity.TaskTypeEntity ElGuerre.Taskin.Api.Data.Entity.TaskEntity::get_TaskType()
DA:24,6
LF:4
LH:4
BRF:0
BRH:0
FNF:4
FNH:4
end_of_record
SF:C:\dev\Taskin\src\ElGuerre.Taskin.Api\Data\Entity\TaskTypeEntity.cs
FN:30,ElGuerre.Taskin.Api.Data.Entity.TaskType ElGuerre.Taskin.Api.Data.Entity.TaskTypeEntity::get_Value()
FNDA:3,ElGuerre.Taskin.Api.Data.Entity.TaskType ElGuerre.Taskin.Api.Data.Entity.TaskTypeEntity::get_Value()
DA:31,3
LF:1
LH:1
BRF:0
BRH:0
FNF:1
FNH:1
end_of_record
SF:C:\dev\Taskin\src\ElGuerre.Taskin.Api\Core\Mvc\ApiResult.cs
FN:9,System.Boolean ElGuerre.Taskin.Api.Core.Mvc.ApiResult`1::get_ResultValid()
FNDA:0,System.Boolean ElGuerre.Taskin.Api.Core.Mvc.ApiResult`1::get_ResultValid()
DA:10,0
FN:10,System.String ElGuerre.Taskin.Api.Core.Mvc.ApiResult`1::get_ResultCode()
FNDA:0,System.String ElGuerre.Taskin.Api.Core.Mvc.ApiResult`1::get_ResultCode()
DA:11,0
FN:11,T ElGuerre.Taskin.Api.Core.Mvc.ApiResult`1::get_Data()
FNDA:0,T ElGuerre.Taskin.Api.Core.Mvc.ApiResult`1::get_Data()
DA:12,0
LF:3
LH:0
BRF:0
BRH:0
FNF:3
FNH:0
end_of_record
SF:C:\dev\Taskin\src\ElGuerre.Taskin.Api\Core\Mvc\Middlewares\ByPassAuthMiddleware.cs
FN:19,System.Void ElGuerre.Taskin.Api.Core.Mvc.Middlewares.ByPassAuthMiddleware::.ctor(Microsoft.AspNetCore.Http.RequestDelegate)
FNDA:0,System.Void ElGuerre.Taskin.Api.Core.Mvc.Middlewares.ByPassAuthMiddleware::.ctor(Microsoft.AspNetCore.Http.RequestDelegate)
DA:20,0
DA:21,0
DA:22,0
DA:23,0
DA:24,0
FN:27,System.Void ElGuerre.Taskin.Api.Core.Mvc.Middlewares.ByPassAuthMiddleware/<Invoke>d__3::MoveNext()
FNDA:0,System.Void ElGuerre.Taskin.Api.Core.Mvc.Middlewares.ByPassAuthMiddleware/<Invoke>d__3::MoveNext()
DA:28,0
DA:29,0
DA:30,0
DA:31,0
DA:32,0
DA:33,0
DA:34,0
DA:35,0
DA:36,0
DA:37,0
DA:38,0
DA:39,0
DA:40,0
DA:42,0
DA:43,0
DA:44,0
DA:45,0
DA:46,0
DA:47,0
DA:48,0
DA:50,0
DA:51,0
DA:53,0
DA:54,0
DA:55,0
DA:56,0
DA:57,0
DA:58,0
DA:59,0
DA:60,0
DA:61,0
DA:64,0
DA:65,0
DA:66,0
DA:67,0
DA:68,0
DA:69,0
DA:70,0
DA:71,0
DA:72,0
DA:73,0
DA:74,0
DA:75,0
DA:77,0
DA:78,0
DA:80,0
DA:81,0
DA:82,0
BRDA:30,88,0,0
BRDA:33,147,0,0
BRDA:33,147,1,0
BRDA:39,277,0,0
BRDA:39,277,1,0
BRDA:30,88,1,0
BRDA:42,398,0,0
BRDA:47,505,0,0
BRDA:47,505,1,0
BRDA:42,398,1,0
BRDA:54,661,0,0
BRDA:57,697,0,0
BRDA:57,715,0,0
BRDA:57,697,1,0
BRDA:57,715,1,0
BRDA:57,747,0,0
BRDA:57,747,1,0
BRDA:54,661,1,0
BRDA:64,804,0,0
BRDA:64,804,1,0
BRDA:80,1074,0,0
BRDA:80,1074,1,0
LF:53
LH:0
BRF:22
BRH:0
FNF:2
FNH:0
end_of_record
SF:C:\dev\Taskin\src\ElGuerre.Taskin.Api\Core\Mvc\Middlewares\ExceptionMiddleware.cs
FN:43,System.Threading.Tasks.Task ElGuerre.Taskin.Api.Core.Mvc.Middlewares.ExceptionMiddleware::HandleExceptionAsync(Microsoft.AspNetCore.Http.HttpContext,System.Exception,Microsoft.AspNetCore.Hosting.IHostingEnvironment,Microsoft.Extensions.Logging.ILogger)
FNDA:0,System.Threading.Tasks.Task ElGuerre.Taskin.Api.Core.Mvc.Middlewares.ExceptionMiddleware::HandleExceptionAsync(Microsoft.AspNetCore.Http.HttpContext,System.Exception,Microsoft.AspNetCore.Hosting.IHostingEnvironment,Microsoft.Extensions.Logging.ILogger)
DA:44,0
DA:45,0
DA:46,0
DA:48,0
DA:52,0
DA:53,0
DA:54,0
DA:56,0
DA:57,0
DA:58,0
DA:60,0
DA:61,0
DA:62,0
DA:64,0
DA:65,0
DA:66,0
DA:70,0
DA:71,0
DA:74,0
DA:75,0
DA:78,0
DA:79,0
DA:80,0
DA:81,0
DA:82,0
DA:83,0
DA:85,0
DA:86,0
BRDA:48,20,1,0
BRDA:48,33,1,0
BRDA:48,46,1,0
BRDA:48,33,0,0
BRDA:48,46,0,0
BRDA:48,20,0,0
BRDA:75,229,0,0
BRDA:75,229,1,0
BRDA:78,281,0,0
BRDA:78,281,1,0
FN:23,System.Void ElGuerre.Taskin.Api.Core.Mvc.Middlewares.ExceptionMiddleware::.ctor(Microsoft.AspNetCore.Http.RequestDelegate,Microsoft.Extensions.Logging.ILoggerFactory,Microsoft.AspNetCore.Hosting.IHostingEnvironment)
FNDA:0,System.Void ElGuerre.Taskin.Api.Core.Mvc.Middlewares.ExceptionMiddleware::.ctor(Microsoft.AspNetCore.Http.RequestDelegate,Microsoft.Extensions.Logging.ILoggerFactory,Microsoft.AspNetCore.Hosting.IHostingEnvironment)
DA:24,0
DA:25,0
DA:26,0
DA:27,0
DA:28,0
DA:29,0
BRDA:26,11,0,0
BRDA:26,11,1,0
BRDA:27,32,0,0
BRDA:27,32,1,0
BRDA:27,44,0,0
BRDA:27,44,1,0
FN:31,System.Void ElGuerre.Taskin.Api.Core.Mvc.Middlewares.ExceptionMiddleware/<Invoke>d__4::MoveNext()
FNDA:0,System.Void ElGuerre.Taskin.Api.Core.Mvc.Middlewares.ExceptionMiddleware/<Invoke>d__4::MoveNext()
DA:32,0
DA:34,0
DA:35,0
DA:36,0
DA:37,0
DA:38,0
DA:39,0
DA:40,0
DA:41,0
BRDA:32,14,0,0
BRDA:32,35,0,0
BRDA:35,77,0,0
BRDA:32,35,1,0
BRDA:35,77,1,0
BRDA:37,185,1,0
BRDA:39,263,0,0
BRDA:32,14,1,0
BRDA:39,263,1,0
BRDA:37,185,0,0
FN:92,Microsoft.AspNetCore.Builder.IApplicationBuilder ElGuerre.Taskin.Api.Core.Mvc.Middlewares.ExceptionMiddlewareExtensions::UseExceptionMiddleware(Microsoft.AspNetCore.Builder.IApplicationBuilder)
FNDA:0,Microsoft.AspNetCore.Builder.IApplicationBuilder ElGuerre.Taskin.Api.Core.Mvc.Middlewares.ExceptionMiddlewareExtensions::UseExceptionMiddleware(Microsoft.AspNetCore.Builder.IApplicationBuilder)
DA:93,0
DA:94,0
DA:95,0
LF:46
LH:0
BRF:26
BRH:0
FNF:4
FNH:0
end_of_record
SF:C:\dev\Taskin\src\ElGuerre.Taskin.Api\Core\Mvc\Filters\ApplySwaggerDocumentFilter.cs
FN:25,System.Void ElGuerre.Taskin.Api.Core.Mvc.Filters.ApplySwaggerDocumentFilter::Apply(Swashbuckle.AspNetCore.Swagger.SwaggerDocument,Swashbuckle.AspNetCore.SwaggerGen.DocumentFilterContext)
FNDA:0,System.Void ElGuerre.Taskin.Api.Core.Mvc.Filters.ApplySwaggerDocumentFilter::Apply(Swashbuckle.AspNetCore.Swagger.SwaggerDocument,Swashbuckle.AspNetCore.SwaggerGen.DocumentFilterContext)
DA:26,0
DA:27,0
DA:28,0
DA:29,0
DA:30,0
DA:31,0
DA:32,0
DA:33,0
DA:34,0
DA:36,0
DA:37,0
DA:38,0
DA:39,0
DA:41,0
DA:42,0
DA:43,0
DA:44,0
DA:46,0
DA:47,0
DA:48,0
DA:49,0
DA:51,0
DA:52,0
DA:53,0
DA:54,0
DA:55,0
DA:57,0
DA:58,0
DA:59,0
DA:60,0
DA:61,0
DA:63,0
BRDA:27,13,0,0
BRDA:27,13,1,0
BRDA:29,253,1,0
BRDA:31,84,0,0
BRDA:31,84,1,0
BRDA:36,119,0,0
BRDA:36,119,1,0
BRDA:41,154,0,0
BRDA:41,154,1,0
BRDA:46,189,0,0
BRDA:46,189,1,0
BRDA:51,224,0,0
BRDA:51,224,1,0
BRDA:29,253,0,0
BRDA:58,362,1,0
BRDA:58,362,0,0
LF:32
LH:0
BRF:16
BRH:0
FNF:1
FNH:0
end_of_record
SF:C:\dev\Taskin\src\ElGuerre.Taskin.Api\Core\Mvc\Filters\AuthorizeCheckOperationFilter.cs
FN:16,System.Void ElGuerre.Taskin.Api.Core.Mvc.Filters.AuthorizeCheckOperationFilter::Apply(Swashbuckle.AspNetCore.Swagger.Operation,Swashbuckle.AspNetCore.SwaggerGen.OperationFilterContext)
FNDA:0,System.Void ElGuerre.Taskin.Api.Core.Mvc.Filters.AuthorizeCheckOperationFilter::Apply(Swashbuckle.AspNetCore.Swagger.Operation,Swashbuckle.AspNetCore.SwaggerGen.OperationFilterContext)
DA:17,0
DA:22,0
DA:23,0
DA:25,0
DA:26,0
DA:27,0
DA:28,0
DA:30,0
DA:31,0
DA:32,0
DA:33,0
DA:34,0
DA:35,0
DA:36,0
BRDA:22,23,0,0
BRDA:22,23,1,0
BRDA:25,54,0,0
BRDA:25,54,1,0
LF:14
LH:0
BRF:4
BRH:0
FNF:1
FNH:0
end_of_record
SF:C:\dev\Taskin\src\UI\ElGuerre.Taskin.Blazor\Program.cs
FN:8,System.Void ElGuerre.Taskin.Blazor.Program::Main(System.String[])
FNDA:0,System.Void ElGuerre.Taskin.Blazor.Program::Main(System.String[])
DA:9,0
DA:10,0
DA:11,0
DA:12,0
DA:13,0
DA:14,0
DA:16,0
DA:17,0
BRDA:10,7,0,0
BRDA:10,7,1,0
LF:8
LH:0
BRF:2
BRH:0
FNF:1
FNH:0
end_of_record
SF:C:\dev\Taskin\src\UI\ElGuerre.Taskin.Blazor\Shared\NavMenu.cshtml
FN:37,System.Void ElGuerre.Taskin.Blazor.Shared.NavMenu::ToggleNavMenu()
FNDA:0,System.Void ElGuerre.Taskin.Blazor.Shared.NavMenu::ToggleNavMenu()
DA:38,0
DA:39,0
DA:40,0
FN:34,System.Void ElGuerre.Taskin.Blazor.Shared.NavMenu::.ctor()
FNDA:0,System.Void ElGuerre.Taskin.Blazor.Shared.NavMenu::.ctor()
DA:35,0
LF:4
LH:0
BRF:0
BRH:0
FNF:2
FNH:0
end_of_record
SF:C:\dev\Taskin\src\UI\ElGuerre.Taskin.Blazor\Shared\Learning\InteropJS.cshtml
FN:12,System.Void ElGuerre.Taskin.Blazor.Shared.Learning.InteropJS/<CallJS>d__1::MoveNext()
FNDA:0,System.Void ElGuerre.Taskin.Blazor.Shared.Learning.InteropJS/<CallJS>d__1::MoveNext()
DA:13,0
DA:16,0
DA:17,0
DA:18,0
DA:21,0
DA:22,0
DA:23,0
BRDA:16,49,0,0
BRDA:16,49,1,0
BRDA:17,177,0,0
BRDA:17,177,1,0
LF:7
LH:0
BRF:4
BRH:0
FNF:1
FNH:0
end_of_record
SF:C:\dev\Taskin\src\UI\ElGuerre.Taskin.Blazor\Shared\Learning\LifeCycle.cshtml
FN:6,System.Void ElGuerre.Taskin.Blazor.Shared.Learning.LifeCycle::BuildRenderTree(Microsoft.AspNetCore.Blazor.RenderTree.RenderTreeBuilder)
FNDA:0,System.Void ElGuerre.Taskin.Blazor.Shared.Learning.LifeCycle::BuildRenderTree(Microsoft.AspNetCore.Blazor.RenderTree.RenderTreeBuilder)
DA:7,0
DA:8,0
DA:10,0
BRDA:7,122,1,0
BRDA:7,122,0,0
FN:14,System.String ElGuerre.Taskin.Blazor.Shared.Learning.LifeCycle::get_Name()
FNDA:0,System.String ElGuerre.Taskin.Blazor.Shared.Learning.LifeCycle::get_Name()
DA:15,0
FN:18,System.Void ElGuerre.Taskin.Blazor.Shared.Learning.LifeCycle::Log(System.String)
FNDA:0,System.Void ElGuerre.Taskin.Blazor.Shared.Learning.LifeCycle::Log(System.String)
DA:19,0
FN:20,System.Void ElGuerre.Taskin.Blazor.Shared.Learning.LifeCycle::OnInit()
FNDA:0,System.Void ElGuerre.Taskin.Blazor.Shared.Learning.LifeCycle::OnInit()
DA:21,0
FN:32,System.Void ElGuerre.Taskin.Blazor.Shared.Learning.LifeCycle::OnParametersSet()
FNDA:0,System.Void ElGuerre.Taskin.Blazor.Shared.Learning.LifeCycle::OnParametersSet()
DA:33,0
FN:16,System.Void ElGuerre.Taskin.Blazor.Shared.Learning.LifeCycle::.ctor()
FNDA:0,System.Void ElGuerre.Taskin.Blazor.Shared.Learning.LifeCycle::.ctor()
DA:17,0
FN:23,System.Void ElGuerre.Taskin.Blazor.Shared.Learning.LifeCycle/<OnInitAsync>d__8::MoveNext()
FNDA:0,System.Void ElGuerre.Taskin.Blazor.Shared.Learning.LifeCycle/<OnInitAsync>d__8::MoveNext()
DA:24,0
DA:25,0
DA:28,0
DA:30,0
DA:31,0
BRDA:28,55,0,0
BRDA:28,55,1,0
LF:13
LH:0
BRF:4
BRH:0
FNF:7
FNH:0
end_of_record
SF:C:\dev\Taskin\src\UI\ElGuerre.Taskin.Blazor\Pages\Projects.cshtml
FN:12,System.Void ElGuerre.Taskin.Blazor.Pages.Projects::BuildRenderTree(Microsoft.AspNetCore.Blazor.RenderTree.RenderTreeBuilder)
FNDA:0,System.Void ElGuerre.Taskin.Blazor.Pages.Projects::BuildRenderTree(Microsoft.AspNetCore.Blazor.RenderTree.RenderTreeBuilder)
DA:13,0
DA:14,0
DA:16,0
DA:18,0
DA:30,0
DA:31,0
DA:41,0
DA:44,0
BRDA:13,130,0,0
BRDA:13,130,1,0
BRDA:30,1142,1,0
BRDA:30,1142,0,0
FN:49,System.Void ElGuerre.Taskin.Blazor.Pages.Projects/<OnInitAsync>d__2::MoveNext()
FNDA:0,System.Void ElGuerre.Taskin.Blazor.Pages.Projects/<OnInitAsync>d__2::MoveNext()
DA:50,0
DA:54,0
DA:55,0
BRDA:54,49,0,0
BRDA:54,49,1,0
LF:11
LH:0
BRF:6
BRH:0
FNF:2
FNH:0
end_of_record
SF:C:\dev\Taskin\src\UI\ElGuerre.Taskin.Blazor\Pages\TaskDetail.cshtml
FN:13,System.Void ElGuerre.Taskin.Blazor.Pages.TaskDetail::BuildRenderTree(Microsoft.AspNetCore.Blazor.RenderTree.RenderTreeBuilder)
FNDA:0,System.Void ElGuerre.Taskin.Blazor.Pages.TaskDetail::BuildRenderTree(Microsoft.AspNetCore.Blazor.RenderTree.RenderTreeBuilder)
DA:14,0
DA:15,0
DA:17,0
DA:19,0
DA:30,0
DA:31,0
DA:33,0
DA:56,0
BRDA:14,130,0,0
BRDA:14,130,1,0
BRDA:30,991,1,0
BRDA:30,991,0,0
FN:61,System.String ElGuerre.Taskin.Blazor.Pages.TaskDetail::get_TaskId()
FNDA:0,System.String ElGuerre.Taskin.Blazor.Pages.TaskDetail::get_TaskId()
DA:62,0
FN:63,ElGuerre.Taskin.Models.TaskModel ElGuerre.Taskin.Blazor.Pages.TaskDetail::get_CurrentTask()
FNDA:0,ElGuerre.Taskin.Models.TaskModel ElGuerre.Taskin.Blazor.Pages.TaskDetail::get_CurrentTask()
DA:64,0
FN:66,System.Collections.Generic.IList`1<System.Collections.Generic.KeyValuePair`2<System.Int32,System.String>> ElGuerre.Taskin.Blazor.Pages.TaskDetail::GetAllTaskTypes()
FNDA:0,System.Collections.Generic.IList`1<System.Collections.Generic.KeyValuePair`2<System.Int32,System.String>> ElGuerre.Taskin.Blazor.Pages.TaskDetail::GetAllTaskTypes()
DA:67,0
DA:69,0
DA:70,0
FN:72,System.Void ElGuerre.Taskin.Blazor.Pages.TaskDetail/<OnInitAsync>d__10::MoveNext()
FNDA:0,System.Void ElGuerre.Taskin.Blazor.Pages.TaskDetail/<OnInitAsync>d__10::MoveNext()
DA:73,0
DA:74,0
DA:75,0
BRDA:74,65,0,0
BRDA:74,65,1,0
FN:77,System.Void ElGuerre.Taskin.Blazor.Pages.TaskDetail/<Update>d__11::MoveNext()
FNDA:0,System.Void ElGuerre.Taskin.Blazor.Pages.TaskDetail/<Update>d__11::MoveNext()
DA:78,0
DA:79,0
DA:81,0
DA:87,0
DA:93,0
DA:94,0
BRDA:93,139,0,0
BRDA:93,139,1,0
LF:22
LH:0
BRF:8
BRH:0
FNF:6
FNH:0
end_of_record
SF:C:\dev\Taskin\src\UI\ElGuerre.Taskin.Blazor\Pages\Tasks.cshtml
FN:11,System.Void ElGuerre.Taskin.Blazor.Pages.Tasks::BuildRenderTree(Microsoft.AspNetCore.Blazor.RenderTree.RenderTreeBuilder)
FNDA:0,System.Void ElGuerre.Taskin.Blazor.Pages.Tasks::BuildRenderTree(Microsoft.AspNetCore.Blazor.RenderTree.RenderTreeBuilder)
DA:12,0
DA:13,0
DA:15,0
DA:17,0
DA:28,0
DA:29,0
DA:39,0
DA:42,0
BRDA:12,92,0,0
BRDA:12,92,1,0
BRDA:12,174,0,0
BRDA:12,174,1,0
BRDA:28,1143,1,0
BRDA:28,1143,0,0
FN:45,System.String ElGuerre.Taskin.Blazor.Pages.Tasks::get_ProjectId()
FNDA:0,System.String ElGuerre.Taskin.Blazor.Pages.Tasks::get_ProjectId()
DA:46,0
FN:50,System.Void ElGuerre.Taskin.Blazor.Pages.Tasks/<OnInitAsync>d__6::MoveNext()
FNDA:0,System.Void ElGuerre.Taskin.Blazor.Pages.Tasks/<OnInitAsync>d__6::MoveNext()
DA:51,0
DA:52,0
DA:53,0
BRDA:52,65,0,0
BRDA:52,65,1,0
LF:12
LH:0
BRF:8
BRH:0
FNF:3
FNH:0
end_of_record
SF:C:\dev\Taskin\src\UI\ElGuerre.Taskin.Blazor\Utils\JsonContent.cs
FN:9,System.Void ElGuerre.Taskin.Blazor.Utils.JsonContent::.ctor(System.Object)
FNDA:0,System.Void ElGuerre.Taskin.Blazor.Utils.JsonContent::.ctor(System.Object)
DA:10,0
DA:11,0
DA:12,0
LF:3
LH:0
BRF:0
BRH:0
FNF:1
FNH:0
end_of_record
SF:C:\dev\Taskin\src\UI\ElGuerre.Taskin.Blazor\Learning\Timeout.cs
FN:15,System.Void ElGuerre.Taskin.Blazor.Learning.Timeout::TimeoutCallback()
FNDA:0,System.Void ElGuerre.Taskin.Blazor.Learning.Timeout::TimeoutCallback()
DA:16,0
DA:17,0
DA:18,0
LF:3
LH:0
BRF:0
BRH:0
FNF:1
FNH:0
end_of_record
SF:C:\dev\Taskin\src\UI\ElGuerre.Taskin.Blazor\Extensions\EnumExtensions.cs
FN:21,System.Collections.Generic.IList`1<System.Collections.Generic.KeyValuePair`2<TValue,System.String>> ElGuerre.Taskin.Blazor.Extensions.EnumExtensions::ToValueList(System.Type)
FNDA:0,System.Collections.Generic.IList`1<System.Collections.Generic.KeyValuePair`2<TValue,System.String>> ElGuerre.Taskin.Blazor.Extensions.EnumExtensions::ToValueList(System.Type)
DA:22,0
DA:23,0
DA:24,0
DA:25,0
DA:26,0
LF:5
LH:0
BRF:0
BRH:0
FNF:1
FNH:0
end_of_record
SF:C:\dev\Taskin\src\ElGuerre.Taskin.Models\BaseModel.cs
FN:12,Tkey ElGuerre.Taskin.Models.BaseModel`1::get_Id()
FNDA:3,Tkey ElGuerre.Taskin.Models.BaseModel`1::get_Id()
DA:13,3
LF:1
LH:1
BRF:0
BRH:0
FNF:1
FNH:1
end_of_record
SF:C:\dev\Taskin\src\ElGuerre.Taskin.Models\ProjectModel.cs
FN:11,System.String ElGuerre.Taskin.Models.ProjectModel::get_Title()
FNDA:3,System.String ElGuerre.Taskin.Models.ProjectModel::get_Title()
DA:12,3
FN:12,System.String ElGuerre.Taskin.Models.ProjectModel::get_Detail()
FNDA:3,System.String ElGuerre.Taskin.Models.ProjectModel::get_Detail()
DA:13,3
FN:13,System.String ElGuerre.Taskin.Models.ProjectModel::get_ImageUrl()
FNDA:3,System.String ElGuerre.Taskin.Models.ProjectModel::get_ImageUrl()
DA:14,3
FN:14,System.Int32 ElGuerre.Taskin.Models.ProjectModel::get_ProjectType()
FNDA:3,System.Int32 ElGuerre.Taskin.Models.ProjectModel::get_ProjectType()
DA:15,3
FN:15,System.Collections.Generic.ICollection`1<ElGuerre.Taskin.Models.TaskModel> ElGuerre.Taskin.Models.ProjectModel::get_Tasks()
FNDA:5,System.Collections.Generic.ICollection`1<ElGuerre.Taskin.Models.TaskModel> ElGuerre.Taskin.Models.ProjectModel::get_Tasks()
DA:16,5
LF:5
LH:5
BRF:0
BRH:0
FNF:5
FNH:5
end_of_record
SF:C:\dev\Taskin\src\ElGuerre.Taskin.Models\TaskModel.cs
FN:14,System.Int32 ElGuerre.Taskin.Models.TaskModel::get_Id()
FNDA:3,System.Int32 ElGuerre.Taskin.Models.TaskModel::get_Id()
DA:15,3
FN:17,System.String ElGuerre.Taskin.Models.TaskModel::get_Detail()
FNDA:3,System.String ElGuerre.Taskin.Models.TaskModel::get_Detail()
DA:18,3
FN:19,System.Int32 ElGuerre.Taskin.Models.TaskModel::get_Priority()
FNDA:3,System.Int32 ElGuerre.Taskin.Models.TaskModel::get_Priority()
DA:20,3
FN:21,System.Int32 ElGuerre.Taskin.Models.TaskModel::get_Effort()
FNDA:3,System.Int32 ElGuerre.Taskin.Models.TaskModel::get_Effort()
DA:22,3
FN:23,System.Int32 ElGuerre.Taskin.Models.TaskModel::get_TaskType()
FNDA:3,System.Int32 ElGuerre.Taskin.Models.TaskModel::get_TaskType()
DA:24,3
LF:5
LH:5
BRF:0
BRH:0
FNF:5
FNH:5
end_of_record